{"/Users/ishaan/Documents/Northwestern/cs392/fridge-tracker/src/components/FridgeItem.tsx": {"path":"/Users/ishaan/Documents/Northwestern/cs392/fridge-tracker/src/components/FridgeItem.tsx","statementMap":{"0":{"start":{"line":12,"column":62},"end":{"line":117,"column":null}},"1":{"start":{"line":13,"column":8},"end":{"line":13,"column":null}},"2":{"start":{"line":14,"column":28},"end":{"line":14,"column":null}},"3":{"start":{"line":15,"column":8},"end":{"line":15,"column":null}},"4":{"start":{"line":17,"column":29},"end":{"line":41,"column":null}},"5":{"start":{"line":18,"column":4},"end":{"line":40,"column":null}},"6":{"start":{"line":20,"column":8},"end":{"line":25,"column":null}},"7":{"start":{"line":27,"column":8},"end":{"line":32,"column":null}},"8":{"start":{"line":34,"column":8},"end":{"line":39,"column":null}},"9":{"start":{"line":43,"column":26},"end":{"line":43,"column":null}},"10":{"start":{"line":45,"column":28},"end":{"line":59,"column":null}},"11":{"start":{"line":46,"column":4},"end":{"line":48,"column":null}},"12":{"start":{"line":47,"column":6},"end":{"line":47,"column":null}},"13":{"start":{"line":50,"column":4},"end":{"line":58,"column":null}},"14":{"start":{"line":51,"column":6},"end":{"line":51,"column":null}},"15":{"start":{"line":52,"column":4},"end":{"line":58,"column":null}},"16":{"start":{"line":53,"column":6},"end":{"line":53,"column":null}},"17":{"start":{"line":54,"column":4},"end":{"line":58,"column":null}},"18":{"start":{"line":55,"column":6},"end":{"line":55,"column":null}},"19":{"start":{"line":57,"column":6},"end":{"line":57,"column":null}},"20":{"start":{"line":61,"column":2},"end":{"line":115,"column":null}},"21":{"start":{"line":95,"column":27},"end":{"line":95,"column":null}},"22":{"start":{"line":102,"column":27},"end":{"line":102,"column":null}},"23":{"start":{"line":108,"column":27},"end":{"line":108,"column":null}}},"fnMap":{"0":{"name":"(anonymous_0)","decl":{"start":{"line":12,"column":62},"end":{"line":12,"column":63}},"loc":{"start":{"line":12,"column":115},"end":{"line":117,"column":null}},"line":12},"1":{"name":"(anonymous_1)","decl":{"start":{"line":17,"column":29},"end":{"line":17,"column":35}},"loc":{"start":{"line":17,"column":35},"end":{"line":41,"column":null}},"line":17},"2":{"name":"(anonymous_2)","decl":{"start":{"line":45,"column":28},"end":{"line":45,"column":34}},"loc":{"start":{"line":45,"column":34},"end":{"line":59,"column":null}},"line":45},"3":{"name":"(anonymous_3)","decl":{"start":{"line":95,"column":21},"end":{"line":95,"column":27}},"loc":{"start":{"line":95,"column":27},"end":{"line":95,"column":null}},"line":95},"4":{"name":"(anonymous_4)","decl":{"start":{"line":102,"column":21},"end":{"line":102,"column":27}},"loc":{"start":{"line":102,"column":27},"end":{"line":102,"column":null}},"line":102},"5":{"name":"(anonymous_5)","decl":{"start":{"line":108,"column":21},"end":{"line":108,"column":27}},"loc":{"start":{"line":108,"column":27},"end":{"line":108,"column":null}},"line":108}},"branchMap":{"0":{"loc":{"start":{"line":18,"column":4},"end":{"line":40,"column":null}},"type":"switch","locations":[{"start":{"line":19,"column":6},"end":{"line":25,"column":null}},{"start":{"line":26,"column":6},"end":{"line":32,"column":null}},{"start":{"line":33,"column":6},"end":{"line":39,"column":null}}],"line":18},"1":{"loc":{"start":{"line":46,"column":4},"end":{"line":48,"column":null}},"type":"if","locations":[{"start":{"line":46,"column":4},"end":{"line":48,"column":null}},{"start":{},"end":{}}],"line":46},"2":{"loc":{"start":{"line":50,"column":4},"end":{"line":58,"column":null}},"type":"if","locations":[{"start":{"line":50,"column":4},"end":{"line":58,"column":null}},{"start":{"line":52,"column":4},"end":{"line":58,"column":null}}],"line":50},"3":{"loc":{"start":{"line":51,"column":60},"end":{"line":51,"column":106}},"type":"cond-expr","locations":[{"start":{"line":51,"column":98},"end":{"line":51,"column":104}},{"start":{"line":51,"column":104},"end":{"line":51,"column":106}}],"line":51},"4":{"loc":{"start":{"line":52,"column":4},"end":{"line":58,"column":null}},"type":"if","locations":[{"start":{"line":52,"column":4},"end":{"line":58,"column":null}},{"start":{"line":54,"column":4},"end":{"line":58,"column":null}}],"line":52},"5":{"loc":{"start":{"line":54,"column":4},"end":{"line":58,"column":null}},"type":"if","locations":[{"start":{"line":54,"column":4},"end":{"line":58,"column":null}},{"start":{"line":56,"column":11},"end":{"line":58,"column":null}}],"line":54},"6":{"loc":{"start":{"line":85,"column":15},"end":{"line":85,"column":null}},"type":"binary-expr","locations":[{"start":{"line":85,"column":15},"end":{"line":85,"column":42}},{"start":{"line":85,"column":42},"end":{"line":85,"column":null}}],"line":85},"7":{"loc":{"start":{"line":86,"column":15},"end":{"line":86,"column":null}},"type":"binary-expr","locations":[{"start":{"line":86,"column":15},"end":{"line":86,"column":41}},{"start":{"line":86,"column":41},"end":{"line":86,"column":null}}],"line":86},"8":{"loc":{"start":{"line":87,"column":15},"end":{"line":87,"column":null}},"type":"binary-expr","locations":[{"start":{"line":87,"column":15},"end":{"line":87,"column":39}},{"start":{"line":87,"column":39},"end":{"line":87,"column":null}}],"line":87},"9":{"loc":{"start":{"line":87,"column":39},"end":{"line":87,"column":null}},"type":"cond-expr","locations":[{"start":{"line":87,"column":59},"end":{"line":87,"column":65}},{"start":{"line":87,"column":65},"end":{"line":87,"column":null}}],"line":87}},"s":{"0":1,"1":3,"2":3,"3":3,"4":3,"5":3,"6":2,"7":0,"8":1,"9":3,"10":3,"11":3,"12":0,"13":3,"14":0,"15":3,"16":0,"17":3,"18":0,"19":3,"20":3,"21":0,"22":0,"23":0},"f":{"0":3,"1":3,"2":3,"3":0,"4":0,"5":0},"b":{"0":[2,0,1],"1":[0,3],"2":[0,3],"3":[0,0],"4":[0,3],"5":[0,3],"6":[3,2],"7":[3,0],"8":[3,1],"9":[1,0]},"meta":{"lastBranch":10,"lastFunction":6,"lastStatement":24,"seen":{"s:12:62:117:Infinity":0,"f:12:62:12:63":0,"s:13:8:13:Infinity":1,"s:14:28:14:Infinity":2,"s:15:8:15:Infinity":3,"s:17:29:41:Infinity":4,"f:17:29:17:35":1,"b:19:6:25:Infinity:26:6:32:Infinity:33:6:39:Infinity":0,"s:18:4:40:Infinity":5,"s:20:8:25:Infinity":6,"s:27:8:32:Infinity":7,"s:34:8:39:Infinity":8,"s:43:26:43:Infinity":9,"s:45:28:59:Infinity":10,"f:45:28:45:34":2,"b:46:4:48:Infinity:undefined:undefined:undefined:undefined":1,"s:46:4:48:Infinity":11,"s:47:6:47:Infinity":12,"b:50:4:58:Infinity:52:4:58:Infinity":2,"s:50:4:58:Infinity":13,"s:51:6:51:Infinity":14,"b:51:98:51:104:51:104:51:106":3,"b:52:4:58:Infinity:54:4:58:Infinity":4,"s:52:4:58:Infinity":15,"s:53:6:53:Infinity":16,"b:54:4:58:Infinity:56:11:58:Infinity":5,"s:54:4:58:Infinity":17,"s:55:6:55:Infinity":18,"s:57:6:57:Infinity":19,"s:61:2:115:Infinity":20,"b:85:15:85:42:85:42:85:Infinity":6,"b:86:15:86:41:86:41:86:Infinity":7,"b:87:15:87:39:87:39:87:Infinity":8,"b:87:59:87:65:87:65:87:Infinity":9,"f:95:21:95:27":3,"s:95:27:95:Infinity":21,"f:102:21:102:27":4,"s:102:27:102:Infinity":22,"f:108:21:108:27":5,"s:108:27:108:Infinity":23}}}
,"/Users/ishaan/Documents/Northwestern/cs392/fridge-tracker/src/utils/dateUtils.ts": {"path":"/Users/ishaan/Documents/Northwestern/cs392/fridge-tracker/src/utils/dateUtils.ts","statementMap":{"0":{"start":{"line":3,"column":44},"end":{"line":19,"column":null}},"1":{"start":{"line":4,"column":2},"end":{"line":6,"column":null}},"2":{"start":{"line":5,"column":4},"end":{"line":5,"column":null}},"3":{"start":{"line":8,"column":16},"end":{"line":8,"column":null}},"4":{"start":{"line":9,"column":2},"end":{"line":9,"column":null}},"5":{"start":{"line":11,"column":17},"end":{"line":11,"column":null}},"6":{"start":{"line":12,"column":2},"end":{"line":14,"column":null}},"7":{"start":{"line":13,"column":4},"end":{"line":13,"column":null}},"8":{"start":{"line":15,"column":2},"end":{"line":15,"column":null}},"9":{"start":{"line":17,"column":19},"end":{"line":17,"column":null}},"10":{"start":{"line":18,"column":2},"end":{"line":18,"column":null}},"11":{"start":{"line":21,"column":37},"end":{"line":27,"column":null}},"12":{"start":{"line":22,"column":2},"end":{"line":22,"column":null}},"13":{"start":{"line":22,"column":45},"end":{"line":22,"column":null}},"14":{"start":{"line":23,"column":2},"end":{"line":23,"column":null}},"15":{"start":{"line":23,"column":31},"end":{"line":23,"column":null}},"16":{"start":{"line":24,"column":2},"end":{"line":24,"column":null}},"17":{"start":{"line":24,"column":32},"end":{"line":24,"column":null}},"18":{"start":{"line":25,"column":2},"end":{"line":25,"column":null}},"19":{"start":{"line":25,"column":32},"end":{"line":25,"column":null}},"20":{"start":{"line":26,"column":2},"end":{"line":26,"column":null}},"21":{"start":{"line":29,"column":37},"end":{"line":46,"column":null}},"22":{"start":{"line":30,"column":2},"end":{"line":45,"column":null}},"23":{"start":{"line":32,"column":34},"end":{"line":32,"column":null}},"24":{"start":{"line":33,"column":23},"end":{"line":33,"column":null}},"25":{"start":{"line":34,"column":6},"end":{"line":38,"column":null}},"26":{"start":{"line":42,"column":8},"end":{"line":43,"column":null}},"27":{"start":{"line":45,"column":20},"end":{"line":45,"column":65}},"28":{"start":{"line":48,"column":26},"end":{"line":54,"column":null}},"29":{"start":{"line":49,"column":2},"end":{"line":53,"column":null}},"30":{"start":{"line":56,"column":25},"end":{"line":59,"column":null}},"31":{"start":{"line":57,"column":2},"end":{"line":57,"column":null}},"32":{"start":{"line":57,"column":23},"end":{"line":57,"column":null}},"33":{"start":{"line":58,"column":2},"end":{"line":58,"column":null}},"34":{"start":{"line":61,"column":30},"end":{"line":65,"column":null}},"35":{"start":{"line":62,"column":2},"end":{"line":62,"column":null}},"36":{"start":{"line":62,"column":23},"end":{"line":62,"column":null}},"37":{"start":{"line":63,"column":15},"end":{"line":63,"column":null}},"38":{"start":{"line":64,"column":2},"end":{"line":64,"column":null}}},"fnMap":{"0":{"name":"(anonymous_0)","decl":{"start":{"line":3,"column":44},"end":{"line":3,"column":45}},"loc":{"start":{"line":3,"column":86},"end":{"line":19,"column":null}},"line":3},"1":{"name":"(anonymous_1)","decl":{"start":{"line":21,"column":37},"end":{"line":21,"column":38}},"loc":{"start":{"line":21,"column":103},"end":{"line":27,"column":null}},"line":21},"2":{"name":"(anonymous_2)","decl":{"start":{"line":29,"column":37},"end":{"line":29,"column":38}},"loc":{"start":{"line":29,"column":83},"end":{"line":46,"column":null}},"line":29},"3":{"name":"(anonymous_3)","decl":{"start":{"line":31,"column":9},"end":{"line":31,"column":17}},"loc":{"start":{"line":31,"column":17},"end":{"line":39,"column":5}},"line":31},"4":{"name":"(anonymous_4)","decl":{"start":{"line":41,"column":6},"end":{"line":41,"column":null}},"loc":{"start":{"line":42,"column":8},"end":{"line":43,"column":null}},"line":42},"5":{"name":"(anonymous_5)","decl":{"start":{"line":45,"column":10},"end":{"line":45,"column":11}},"loc":{"start":{"line":45,"column":20},"end":{"line":45,"column":65}},"line":45},"6":{"name":"(anonymous_6)","decl":{"start":{"line":48,"column":26},"end":{"line":48,"column":27}},"loc":{"start":{"line":48,"column":50},"end":{"line":54,"column":null}},"line":48},"7":{"name":"(anonymous_7)","decl":{"start":{"line":56,"column":25},"end":{"line":56,"column":26}},"loc":{"start":{"line":56,"column":68},"end":{"line":59,"column":null}},"line":56},"8":{"name":"(anonymous_8)","decl":{"start":{"line":61,"column":30},"end":{"line":61,"column":31}},"loc":{"start":{"line":61,"column":73},"end":{"line":65,"column":null}},"line":61}},"branchMap":{"0":{"loc":{"start":{"line":4,"column":2},"end":{"line":6,"column":null}},"type":"if","locations":[{"start":{"line":4,"column":2},"end":{"line":6,"column":null}},{"start":{},"end":{}}],"line":4},"1":{"loc":{"start":{"line":12,"column":2},"end":{"line":14,"column":null}},"type":"if","locations":[{"start":{"line":12,"column":2},"end":{"line":14,"column":null}},{"start":{},"end":{}}],"line":12},"2":{"loc":{"start":{"line":22,"column":2},"end":{"line":22,"column":null}},"type":"if","locations":[{"start":{"line":22,"column":2},"end":{"line":22,"column":null}},{"start":{},"end":{}}],"line":22},"3":{"loc":{"start":{"line":23,"column":2},"end":{"line":23,"column":null}},"type":"if","locations":[{"start":{"line":23,"column":2},"end":{"line":23,"column":null}},{"start":{},"end":{}}],"line":23},"4":{"loc":{"start":{"line":24,"column":2},"end":{"line":24,"column":null}},"type":"if","locations":[{"start":{"line":24,"column":2},"end":{"line":24,"column":null}},{"start":{},"end":{}}],"line":24},"5":{"loc":{"start":{"line":25,"column":2},"end":{"line":25,"column":null}},"type":"if","locations":[{"start":{"line":25,"column":2},"end":{"line":25,"column":null}},{"start":{},"end":{}}],"line":25},"6":{"loc":{"start":{"line":42,"column":8},"end":{"line":43,"column":null}},"type":"binary-expr","locations":[{"start":{"line":42,"column":8},"end":{"line":42,"column":null}},{"start":{"line":43,"column":9},"end":{"line":43,"column":45}},{"start":{"line":43,"column":45},"end":{"line":43,"column":null}}],"line":42},"7":{"loc":{"start":{"line":57,"column":2},"end":{"line":57,"column":null}},"type":"if","locations":[{"start":{"line":57,"column":2},"end":{"line":57,"column":null}},{"start":{},"end":{}}],"line":57},"8":{"loc":{"start":{"line":62,"column":2},"end":{"line":62,"column":null}},"type":"if","locations":[{"start":{"line":62,"column":2},"end":{"line":62,"column":null}},{"start":{},"end":{}}],"line":62},"9":{"loc":{"start":{"line":64,"column":9},"end":{"line":64,"column":null}},"type":"binary-expr","locations":[{"start":{"line":64,"column":9},"end":{"line":64,"column":22}},{"start":{"line":64,"column":22},"end":{"line":64,"column":null}}],"line":64}},"s":{"0":2,"1":14,"2":1,"3":13,"4":13,"5":13,"6":13,"7":0,"8":13,"9":13,"10":13,"11":2,"12":13,"13":1,"14":12,"15":2,"16":10,"17":10,"18":5,"19":2,"20":3,"21":2,"22":0,"23":0,"24":0,"25":0,"26":0,"27":0,"28":2,"29":3,"30":2,"31":4,"32":1,"33":3,"34":2,"35":5,"36":1,"37":4,"38":4},"f":{"0":14,"1":13,"2":0,"3":0,"4":0,"5":0,"6":3,"7":4,"8":5},"b":{"0":[1,13],"1":[0,13],"2":[1,12],"3":[2,10],"4":[5,5],"5":[2,3],"6":[0,0,0],"7":[1,3],"8":[1,4],"9":[4,3]},"meta":{"lastBranch":10,"lastFunction":9,"lastStatement":39,"seen":{"s:3:44:19:Infinity":0,"f:3:44:3:45":0,"b:4:2:6:Infinity:undefined:undefined:undefined:undefined":0,"s:4:2:6:Infinity":1,"s:5:4:5:Infinity":2,"s:8:16:8:Infinity":3,"s:9:2:9:Infinity":4,"s:11:17:11:Infinity":5,"b:12:2:14:Infinity:undefined:undefined:undefined:undefined":1,"s:12:2:14:Infinity":6,"s:13:4:13:Infinity":7,"s:15:2:15:Infinity":8,"s:17:19:17:Infinity":9,"s:18:2:18:Infinity":10,"s:21:37:27:Infinity":11,"f:21:37:21:38":1,"b:22:2:22:Infinity:undefined:undefined:undefined:undefined":2,"s:22:2:22:Infinity":12,"s:22:45:22:Infinity":13,"b:23:2:23:Infinity:undefined:undefined:undefined:undefined":3,"s:23:2:23:Infinity":14,"s:23:31:23:Infinity":15,"b:24:2:24:Infinity:undefined:undefined:undefined:undefined":4,"s:24:2:24:Infinity":16,"s:24:32:24:Infinity":17,"b:25:2:25:Infinity:undefined:undefined:undefined:undefined":5,"s:25:2:25:Infinity":18,"s:25:32:25:Infinity":19,"s:26:2:26:Infinity":20,"s:29:37:46:Infinity":21,"f:29:37:29:38":2,"s:30:2:45:Infinity":22,"f:31:9:31:17":3,"s:32:34:32:Infinity":23,"s:33:23:33:Infinity":24,"s:34:6:38:Infinity":25,"f:41:6:41:Infinity":4,"s:42:8:43:Infinity":26,"b:42:8:42:Infinity:43:9:43:45:43:45:43:Infinity":6,"f:45:10:45:11":5,"s:45:20:45:65":27,"s:48:26:54:Infinity":28,"f:48:26:48:27":6,"s:49:2:53:Infinity":29,"s:56:25:59:Infinity":30,"f:56:25:56:26":7,"b:57:2:57:Infinity:undefined:undefined:undefined:undefined":7,"s:57:2:57:Infinity":31,"s:57:23:57:Infinity":32,"s:58:2:58:Infinity":33,"s:61:30:65:Infinity":34,"f:61:30:61:31":8,"b:62:2:62:Infinity:undefined:undefined:undefined:undefined":8,"s:62:2:62:Infinity":35,"s:62:23:62:Infinity":36,"s:63:15:63:Infinity":37,"s:64:2:64:Infinity":38,"b:64:9:64:22:64:22:64:Infinity":9}}}
,"/Users/ishaan/Documents/Northwestern/cs392/fridge-tracker/src/utils/recipeUtils.ts": {"path":"/Users/ishaan/Documents/Northwestern/cs392/fridge-tracker/src/utils/recipeUtils.ts","statementMap":{"0":{"start":{"line":3,"column":35},"end":{"line":26,"column":null}},"1":{"start":{"line":4,"column":31},"end":{"line":4,"column":null}},"2":{"start":{"line":4,"column":49},"end":{"line":4,"column":72}},"3":{"start":{"line":6,"column":2},"end":{"line":25,"column":null}},"4":{"start":{"line":8,"column":33},"end":{"line":13,"column":null}},"5":{"start":{"line":9,"column":8},"end":{"line":12,"column":null}},"6":{"start":{"line":10,"column":10},"end":{"line":11,"column":null}},"7":{"start":{"line":15,"column":30},"end":{"line":15,"column":null}},"8":{"start":{"line":17,"column":6},"end":{"line":21,"column":null}},"9":{"start":{"line":23,"column":22},"end":{"line":23,"column":51}},"10":{"start":{"line":24,"column":20},"end":{"line":24,"column":57}},"11":{"start":{"line":25,"column":19},"end":{"line":25,"column":32}},"12":{"start":{"line":29,"column":42},"end":{"line":53,"column":null}},"13":{"start":{"line":30,"column":31},"end":{"line":30,"column":null}},"14":{"start":{"line":30,"column":49},"end":{"line":30,"column":72}},"15":{"start":{"line":32,"column":18},"end":{"line":50,"column":null}},"16":{"start":{"line":34,"column":33},"end":{"line":39,"column":null}},"17":{"start":{"line":35,"column":8},"end":{"line":38,"column":null}},"18":{"start":{"line":36,"column":10},"end":{"line":37,"column":null}},"19":{"start":{"line":41,"column":30},"end":{"line":41,"column":null}},"20":{"start":{"line":43,"column":6},"end":{"line":47,"column":null}},"21":{"start":{"line":49,"column":22},"end":{"line":49,"column":45}},"22":{"start":{"line":50,"column":20},"end":{"line":50,"column":92}},"23":{"start":{"line":52,"column":2},"end":{"line":52,"column":null}},"24":{"start":{"line":52,"column":38},"end":{"line":52,"column":46}},"25":{"start":{"line":55,"column":30},"end":{"line":113,"column":null}},"26":{"start":{"line":56,"column":2},"end":{"line":112,"column":null}}},"fnMap":{"0":{"name":"(anonymous_0)","decl":{"start":{"line":3,"column":35},"end":{"line":3,"column":36}},"loc":{"start":{"line":3,"column":89},"end":{"line":26,"column":null}},"line":3},"1":{"name":"(anonymous_1)","decl":{"start":{"line":4,"column":41},"end":{"line":4,"column":49}},"loc":{"start":{"line":4,"column":49},"end":{"line":4,"column":72}},"line":4},"2":{"name":"(anonymous_2)","decl":{"start":{"line":7,"column":9},"end":{"line":7,"column":19}},"loc":{"start":{"line":7,"column":19},"end":{"line":22,"column":5}},"line":7},"3":{"name":"(anonymous_3)","decl":{"start":{"line":8,"column":59},"end":{"line":8,"column":null}},"loc":{"start":{"line":9,"column":8},"end":{"line":12,"column":null}},"line":9},"4":{"name":"(anonymous_4)","decl":{"start":{"line":9,"column":34},"end":{"line":9,"column":null}},"loc":{"start":{"line":10,"column":10},"end":{"line":11,"column":null}},"line":10},"5":{"name":"(anonymous_5)","decl":{"start":{"line":23,"column":12},"end":{"line":23,"column":22}},"loc":{"start":{"line":23,"column":22},"end":{"line":23,"column":51}},"line":23},"6":{"name":"(anonymous_6)","decl":{"start":{"line":24,"column":10},"end":{"line":24,"column":11}},"loc":{"start":{"line":24,"column":20},"end":{"line":24,"column":57}},"line":24},"7":{"name":"(anonymous_7)","decl":{"start":{"line":25,"column":9},"end":{"line":25,"column":19}},"loc":{"start":{"line":25,"column":19},"end":{"line":25,"column":32}},"line":25},"8":{"name":"(anonymous_8)","decl":{"start":{"line":29,"column":42},"end":{"line":29,"column":43}},"loc":{"start":{"line":29,"column":96},"end":{"line":53,"column":null}},"line":29},"9":{"name":"(anonymous_9)","decl":{"start":{"line":30,"column":41},"end":{"line":30,"column":49}},"loc":{"start":{"line":30,"column":49},"end":{"line":30,"column":72}},"line":30},"10":{"name":"(anonymous_10)","decl":{"start":{"line":33,"column":9},"end":{"line":33,"column":19}},"loc":{"start":{"line":33,"column":19},"end":{"line":48,"column":5}},"line":33},"11":{"name":"(anonymous_11)","decl":{"start":{"line":34,"column":59},"end":{"line":34,"column":null}},"loc":{"start":{"line":35,"column":8},"end":{"line":38,"column":null}},"line":35},"12":{"name":"(anonymous_12)","decl":{"start":{"line":35,"column":34},"end":{"line":35,"column":null}},"loc":{"start":{"line":36,"column":10},"end":{"line":37,"column":null}},"line":36},"13":{"name":"(anonymous_13)","decl":{"start":{"line":49,"column":12},"end":{"line":49,"column":22}},"loc":{"start":{"line":49,"column":22},"end":{"line":49,"column":45}},"line":49},"14":{"name":"(anonymous_14)","decl":{"start":{"line":50,"column":10},"end":{"line":50,"column":11}},"loc":{"start":{"line":50,"column":20},"end":{"line":50,"column":92}},"line":50},"15":{"name":"(anonymous_15)","decl":{"start":{"line":52,"column":33},"end":{"line":52,"column":38}},"loc":{"start":{"line":52,"column":38},"end":{"line":52,"column":46}},"line":52},"16":{"name":"(anonymous_16)","decl":{"start":{"line":55,"column":30},"end":{"line":55,"column":46}},"loc":{"start":{"line":55,"column":46},"end":{"line":113,"column":null}},"line":55}},"branchMap":{"0":{"loc":{"start":{"line":10,"column":10},"end":{"line":11,"column":null}},"type":"binary-expr","locations":[{"start":{"line":10,"column":10},"end":{"line":10,"column":null}},{"start":{"line":11,"column":10},"end":{"line":11,"column":null}}],"line":10},"1":{"loc":{"start":{"line":36,"column":10},"end":{"line":37,"column":null}},"type":"binary-expr","locations":[{"start":{"line":36,"column":10},"end":{"line":36,"column":null}},{"start":{"line":37,"column":10},"end":{"line":37,"column":null}}],"line":36},"2":{"loc":{"start":{"line":50,"column":20},"end":{"line":50,"column":92}},"type":"binary-expr","locations":[{"start":{"line":50,"column":20},"end":{"line":50,"column":61}},{"start":{"line":50,"column":61},"end":{"line":50,"column":92}}],"line":50}},"s":{"0":1,"1":6,"2":15,"3":6,"4":15,"5":45,"6":84,"7":15,"8":15,"9":15,"10":4,"11":8,"12":1,"13":0,"14":0,"15":0,"16":0,"17":0,"18":0,"19":0,"20":0,"21":0,"22":0,"23":0,"24":0,"25":1,"26":0},"f":{"0":6,"1":15,"2":15,"3":45,"4":84,"5":15,"6":4,"7":8,"8":0,"9":0,"10":0,"11":0,"12":0,"13":0,"14":0,"15":0,"16":0},"b":{"0":[84,64],"1":[0,0],"2":[0,0]},"meta":{"lastBranch":3,"lastFunction":17,"lastStatement":27,"seen":{"s:3:35:26:Infinity":0,"f:3:35:3:36":0,"s:4:31:4:Infinity":1,"f:4:41:4:49":1,"s:4:49:4:72":2,"s:6:2:25:Infinity":3,"f:7:9:7:19":2,"s:8:33:13:Infinity":4,"f:8:59:8:Infinity":3,"s:9:8:12:Infinity":5,"f:9:34:9:Infinity":4,"s:10:10:11:Infinity":6,"b:10:10:10:Infinity:11:10:11:Infinity":0,"s:15:30:15:Infinity":7,"s:17:6:21:Infinity":8,"f:23:12:23:22":5,"s:23:22:23:51":9,"f:24:10:24:11":6,"s:24:20:24:57":10,"f:25:9:25:19":7,"s:25:19:25:32":11,"s:29:42:53:Infinity":12,"f:29:42:29:43":8,"s:30:31:30:Infinity":13,"f:30:41:30:49":9,"s:30:49:30:72":14,"s:32:18:50:Infinity":15,"f:33:9:33:19":10,"s:34:33:39:Infinity":16,"f:34:59:34:Infinity":11,"s:35:8:38:Infinity":17,"f:35:34:35:Infinity":12,"s:36:10:37:Infinity":18,"b:36:10:36:Infinity:37:10:37:Infinity":1,"s:41:30:41:Infinity":19,"s:43:6:47:Infinity":20,"f:49:12:49:22":13,"s:49:22:49:45":21,"f:50:10:50:11":14,"s:50:20:50:92":22,"b:50:20:50:61:50:61:50:92":2,"s:52:2:52:Infinity":23,"f:52:33:52:38":15,"s:52:38:52:46":24,"s:55:30:113:Infinity":25,"f:55:30:55:46":16,"s:56:2:112:Infinity":26}}}
}
