{"C:\\Users\\galex_cxlntn4\\CS392\\fridge-tracker\\src\\App.css": {"path":"C:\\Users\\galex_cxlntn4\\CS392\\fridge-tracker\\src\\App.css","statementMap":{},"fnMap":{},"branchMap":{},"s":{},"f":{},"b":{},"meta":{"lastBranch":0,"lastFunction":0,"lastStatement":0,"seen":{}}}
,"C:\\Users\\galex_cxlntn4\\CS392\\fridge-tracker\\src\\App.tsx": {"path":"C:\\Users\\galex_cxlntn4\\CS392\\fridge-tracker\\src\\App.tsx","statementMap":{"0":{"start":{"line":19,"column":24},"end":{"line":19,"column":null}},"1":{"start":{"line":20,"column":42},"end":{"line":20,"column":null}},"2":{"start":{"line":21,"column":36},"end":{"line":21,"column":null}},"3":{"start":{"line":22,"column":50},"end":{"line":22,"column":null}},"4":{"start":{"line":23,"column":50},"end":{"line":23,"column":null}},"5":{"start":{"line":24,"column":46},"end":{"line":24,"column":null}},"6":{"start":{"line":25,"column":38},"end":{"line":25,"column":null}},"7":{"start":{"line":26,"column":50},"end":{"line":26,"column":null}},"8":{"start":{"line":27,"column":50},"end":{"line":27,"column":null}},"9":{"start":{"line":28,"column":8},"end":{"line":28,"column":null}},"10":{"start":{"line":30,"column":2},"end":{"line":36,"column":null}},"11":{"start":{"line":31,"column":4},"end":{"line":35,"column":null}},"12":{"start":{"line":32,"column":6},"end":{"line":34,"column":null}},"13":{"start":{"line":33,"column":8},"end":{"line":33,"column":null}},"14":{"start":{"line":38,"column":27},"end":{"line":47,"column":null}},"15":{"start":{"line":39,"column":4},"end":{"line":39,"column":null}},"16":{"start":{"line":40,"column":4},"end":{"line":42,"column":null}},"17":{"start":{"line":41,"column":6},"end":{"line":41,"column":null}},"18":{"start":{"line":43,"column":4},"end":{"line":46,"column":null}},"19":{"start":{"line":44,"column":6},"end":{"line":44,"column":null}},"20":{"start":{"line":45,"column":6},"end":{"line":45,"column":null}},"21":{"start":{"line":50,"column":2},"end":{"line":81,"column":null}},"22":{"start":{"line":51,"column":4},"end":{"line":55,"column":null}},"23":{"start":{"line":52,"column":6},"end":{"line":52,"column":null}},"24":{"start":{"line":53,"column":6},"end":{"line":53,"column":null}},"25":{"start":{"line":54,"column":6},"end":{"line":54,"column":null}},"26":{"start":{"line":57,"column":10},"end":{"line":57,"column":null}},"27":{"start":{"line":59,"column":10},"end":{"line":78,"column":null}},"28":{"start":{"line":60,"column":6},"end":{"line":76,"column":null}},"29":{"start":{"line":61,"column":21},"end":{"line":61,"column":null}},"30":{"start":{"line":62,"column":27},"end":{"line":72,"column":null}},"31":{"start":{"line":62,"column":84},"end":{"line":72,"column":10}},"32":{"start":{"line":73,"column":8},"end":{"line":73,"column":null}},"33":{"start":{"line":75,"column":8},"end":{"line":75,"column":null}},"34":{"start":{"line":77,"column":6},"end":{"line":77,"column":null}},"35":{"start":{"line":80,"column":4},"end":{"line":80,"column":null}},"36":{"start":{"line":80,"column":17},"end":{"line":80,"column":null}},"37":{"start":{"line":83,"column":20},"end":{"line":98,"column":null}},"38":{"start":{"line":84,"column":4},"end":{"line":84,"column":null}},"39":{"start":{"line":84,"column":15},"end":{"line":84,"column":null}},"40":{"start":{"line":86,"column":10},"end":{"line":86,"column":null}},"41":{"start":{"line":87,"column":10},"end":{"line":87,"column":null}},"42":{"start":{"line":89,"column":4},"end":{"line":97,"column":null}},"43":{"start":{"line":100,"column":23},"end":{"line":103,"column":null}},"44":{"start":{"line":101,"column":4},"end":{"line":101,"column":null}},"45":{"start":{"line":101,"column":15},"end":{"line":101,"column":null}},"46":{"start":{"line":102,"column":4},"end":{"line":102,"column":null}},"47":{"start":{"line":105,"column":23},"end":{"line":116,"column":null}},"48":{"start":{"line":106,"column":4},"end":{"line":106,"column":null}},"49":{"start":{"line":106,"column":15},"end":{"line":106,"column":null}},"50":{"start":{"line":107,"column":4},"end":{"line":114,"column":null}},"51":{"start":{"line":115,"column":4},"end":{"line":115,"column":null}},"52":{"start":{"line":118,"column":31},"end":{"line":120,"column":null}},"53":{"start":{"line":119,"column":4},"end":{"line":119,"column":null}},"54":{"start":{"line":122,"column":28},"end":{"line":124,"column":null}},"55":{"start":{"line":123,"column":4},"end":{"line":123,"column":null}},"56":{"start":{"line":126,"column":26},"end":{"line":151,"column":null}},"57":{"start":{"line":127,"column":4},"end":{"line":130,"column":null}},"58":{"start":{"line":128,"column":6},"end":{"line":128,"column":null}},"59":{"start":{"line":129,"column":6},"end":{"line":129,"column":null}},"60":{"start":{"line":132,"column":4},"end":{"line":132,"column":null}},"61":{"start":{"line":133,"column":4},"end":{"line":150,"column":null}},"62":{"start":{"line":134,"column":21},"end":{"line":134,"column":null}},"63":{"start":{"line":136,"column":6},"end":{"line":144,"column":null}},"64":{"start":{"line":137,"column":8},"end":{"line":137,"column":null}},"65":{"start":{"line":138,"column":6},"end":{"line":144,"column":null}},"66":{"start":{"line":139,"column":8},"end":{"line":139,"column":null}},"67":{"start":{"line":140,"column":6},"end":{"line":144,"column":null}},"68":{"start":{"line":141,"column":8},"end":{"line":141,"column":null}},"69":{"start":{"line":143,"column":8},"end":{"line":143,"column":null}},"70":{"start":{"line":146,"column":6},"end":{"line":146,"column":null}},"71":{"start":{"line":147,"column":6},"end":{"line":147,"column":null}},"72":{"start":{"line":149,"column":6},"end":{"line":149,"column":null}},"73":{"start":{"line":153,"column":32},"end":{"line":156,"column":null}},"74":{"start":{"line":154,"column":4},"end":{"line":154,"column":null}},"75":{"start":{"line":154,"column":32},"end":{"line":154,"column":49}},"76":{"start":{"line":155,"column":4},"end":{"line":155,"column":null}},"77":{"start":{"line":158,"column":38},"end":{"line":161,"column":null}},"78":{"start":{"line":159,"column":4},"end":{"line":159,"column":null}},"79":{"start":{"line":159,"column":32},"end":{"line":159,"column":67}},"80":{"start":{"line":159,"column":49},"end":{"line":159,"column":66}},"81":{"start":{"line":160,"column":4},"end":{"line":160,"column":null}},"82":{"start":{"line":163,"column":34},"end":{"line":171,"column":null}},"83":{"start":{"line":165,"column":4},"end":{"line":170,"column":null}},"84":{"start":{"line":165,"column":32},"end":{"line":165,"column":48}},"85":{"start":{"line":166,"column":6},"end":{"line":166,"column":null}},"86":{"start":{"line":167,"column":6},"end":{"line":167,"column":null}},"87":{"start":{"line":169,"column":6},"end":{"line":169,"column":null}},"88":{"start":{"line":173,"column":39},"end":{"line":175,"column":null}},"89":{"start":{"line":174,"column":4},"end":{"line":174,"column":null}},"90":{"start":{"line":174,"column":48},"end":{"line":174,"column":62}},"91":{"start":{"line":178,"column":8},"end":{"line":191,"column":null}},"92":{"start":{"line":179,"column":4},"end":{"line":190,"column":null}},"93":{"start":{"line":180,"column":12},"end":{"line":180,"column":null}},"94":{"start":{"line":181,"column":12},"end":{"line":181,"column":null}},"95":{"start":{"line":184,"column":6},"end":{"line":186,"column":null}},"96":{"start":{"line":185,"column":8},"end":{"line":185,"column":null}},"97":{"start":{"line":189,"column":6},"end":{"line":189,"column":null}},"98":{"start":{"line":194,"column":2},"end":{"line":375,"column":null}},"99":{"start":{"line":217,"column":27},"end":{"line":217,"column":null}},"100":{"start":{"line":285,"column":22},"end":{"line":291,"column":null}},"101":{"start":{"line":289,"column":46},"end":{"line":289,"column":null}},"102":{"start":{"line":329,"column":38},"end":{"line":329,"column":null}},"103":{"start":{"line":329,"column":51},"end":{"line":329,"column":83}},"104":{"start":{"line":330,"column":22},"end":{"line":330,"column":null}},"105":{"start":{"line":330,"column":48},"end":{"line":330,"column":null}},"106":{"start":{"line":331,"column":22},"end":{"line":333,"column":null}},"107":{"start":{"line":332,"column":24},"end":{"line":332,"column":null}},"108":{"start":{"line":335,"column":22},"end":{"line":337,"column":null}},"109":{"start":{"line":336,"column":24},"end":{"line":336,"column":null}},"110":{"start":{"line":339,"column":43},"end":{"line":339,"column":75}},"111":{"start":{"line":340,"column":58},"end":{"line":340,"column":90}},"112":{"start":{"line":340,"column":244},"end":{"line":340,"column":276}},"113":{"start":{"line":361,"column":32},"end":{"line":361,"column":null}},"114":{"start":{"line":368,"column":31},"end":{"line":368,"column":null}}},"fnMap":{"0":{"name":"App","decl":{"start":{"line":18,"column":9},"end":{"line":18,"column":15}},"loc":{"start":{"line":18,"column":15},"end":{"line":377,"column":null}},"line":18},"1":{"name":"(anonymous_1)","decl":{"start":{"line":30,"column":12},"end":{"line":30,"column":18}},"loc":{"start":{"line":30,"column":18},"end":{"line":36,"column":5}},"line":30},"2":{"name":"(anonymous_2)","decl":{"start":{"line":31,"column":11},"end":{"line":31,"column":17}},"loc":{"start":{"line":31,"column":17},"end":{"line":35,"column":null}},"line":31},"3":{"name":"(anonymous_3)","decl":{"start":{"line":38,"column":27},"end":{"line":38,"column":28}},"loc":{"start":{"line":38,"column":48},"end":{"line":47,"column":null}},"line":38},"4":{"name":"(anonymous_4)","decl":{"start":{"line":43,"column":48},"end":{"line":43,"column":54}},"loc":{"start":{"line":43,"column":54},"end":{"line":46,"column":7}},"line":43},"5":{"name":"(anonymous_5)","decl":{"start":{"line":50,"column":12},"end":{"line":50,"column":18}},"loc":{"start":{"line":50,"column":18},"end":{"line":81,"column":5}},"line":50},"6":{"name":"(anonymous_6)","decl":{"start":{"line":59,"column":42},"end":{"line":59,"column":43}},"loc":{"start":{"line":59,"column":56},"end":{"line":78,"column":5}},"line":59},"7":{"name":"(anonymous_7)","decl":{"start":{"line":62,"column":52},"end":{"line":62,"column":53}},"loc":{"start":{"line":62,"column":84},"end":{"line":72,"column":10}},"line":62},"8":{"name":"(anonymous_8)","decl":{"start":{"line":80,"column":11},"end":{"line":80,"column":17}},"loc":{"start":{"line":80,"column":17},"end":{"line":80,"column":null}},"line":80},"9":{"name":"(anonymous_9)","decl":{"start":{"line":83,"column":20},"end":{"line":83,"column":27}},"loc":{"start":{"line":83,"column":60},"end":{"line":98,"column":null}},"line":83},"10":{"name":"(anonymous_10)","decl":{"start":{"line":100,"column":23},"end":{"line":100,"column":30}},"loc":{"start":{"line":100,"column":45},"end":{"line":103,"column":null}},"line":100},"11":{"name":"(anonymous_11)","decl":{"start":{"line":105,"column":23},"end":{"line":105,"column":30}},"loc":{"start":{"line":105,"column":58},"end":{"line":116,"column":null}},"line":105},"12":{"name":"(anonymous_12)","decl":{"start":{"line":118,"column":31},"end":{"line":118,"column":32}},"loc":{"start":{"line":118,"column":54},"end":{"line":120,"column":null}},"line":118},"13":{"name":"(anonymous_13)","decl":{"start":{"line":122,"column":28},"end":{"line":122,"column":29}},"loc":{"start":{"line":122,"column":47},"end":{"line":124,"column":null}},"line":122},"14":{"name":"(anonymous_14)","decl":{"start":{"line":126,"column":26},"end":{"line":126,"column":38}},"loc":{"start":{"line":126,"column":38},"end":{"line":151,"column":null}},"line":126},"15":{"name":"(anonymous_15)","decl":{"start":{"line":153,"column":32},"end":{"line":153,"column":33}},"loc":{"start":{"line":153,"column":52},"end":{"line":156,"column":null}},"line":153},"16":{"name":"(anonymous_16)","decl":{"start":{"line":154,"column":24},"end":{"line":154,"column":32}},"loc":{"start":{"line":154,"column":32},"end":{"line":154,"column":49}},"line":154},"17":{"name":"(anonymous_17)","decl":{"start":{"line":158,"column":38},"end":{"line":158,"column":39}},"loc":{"start":{"line":158,"column":60},"end":{"line":161,"column":null}},"line":158},"18":{"name":"(anonymous_18)","decl":{"start":{"line":159,"column":24},"end":{"line":159,"column":32}},"loc":{"start":{"line":159,"column":32},"end":{"line":159,"column":67}},"line":159},"19":{"name":"(anonymous_19)","decl":{"start":{"line":159,"column":44},"end":{"line":159,"column":49}},"loc":{"start":{"line":159,"column":49},"end":{"line":159,"column":66}},"line":159},"20":{"name":"(anonymous_20)","decl":{"start":{"line":163,"column":34},"end":{"line":163,"column":35}},"loc":{"start":{"line":163,"column":56},"end":{"line":171,"column":null}},"line":163},"21":{"name":"(anonymous_21)","decl":{"start":{"line":165,"column":27},"end":{"line":165,"column":32}},"loc":{"start":{"line":165,"column":32},"end":{"line":165,"column":48}},"line":165},"22":{"name":"(anonymous_22)","decl":{"start":{"line":173,"column":39},"end":{"line":173,"column":40}},"loc":{"start":{"line":173,"column":55},"end":{"line":175,"column":null}},"line":173},"23":{"name":"(anonymous_23)","decl":{"start":{"line":174,"column":40},"end":{"line":174,"column":48}},"loc":{"start":{"line":174,"column":48},"end":{"line":174,"column":62}},"line":174},"24":{"name":"(anonymous_24)","decl":{"start":{"line":178,"column":30},"end":{"line":178,"column":36}},"loc":{"start":{"line":178,"column":36},"end":{"line":191,"column":5}},"line":178},"25":{"name":"(anonymous_25)","decl":{"start":{"line":179,"column":27},"end":{"line":179,"column":28}},"loc":{"start":{"line":179,"column":37},"end":{"line":190,"column":5}},"line":179},"26":{"name":"(anonymous_26)","decl":{"start":{"line":217,"column":21},"end":{"line":217,"column":27}},"loc":{"start":{"line":217,"column":27},"end":{"line":217,"column":null}},"line":217},"27":{"name":"(anonymous_27)","decl":{"start":{"line":284,"column":37},"end":{"line":284,"column":null}},"loc":{"start":{"line":285,"column":22},"end":{"line":291,"column":null}},"line":285},"28":{"name":"(anonymous_28)","decl":{"start":{"line":289,"column":32},"end":{"line":289,"column":33}},"loc":{"start":{"line":289,"column":46},"end":{"line":289,"column":null}},"line":289},"29":{"name":"(anonymous_29)","decl":{"start":{"line":328,"column":29},"end":{"line":328,"column":41}},"loc":{"start":{"line":328,"column":41},"end":{"line":338,"column":null}},"line":328},"30":{"name":"(anonymous_30)","decl":{"start":{"line":329,"column":51},"end":{"line":329,"column":56}},"loc":{"start":{"line":329,"column":51},"end":{"line":329,"column":83}},"line":329},"31":{"name":"(anonymous_31)","decl":{"start":{"line":339,"column":43},"end":{"line":339,"column":48}},"loc":{"start":{"line":339,"column":43},"end":{"line":339,"column":75}},"line":339},"32":{"name":"(anonymous_32)","decl":{"start":{"line":340,"column":58},"end":{"line":340,"column":63}},"loc":{"start":{"line":340,"column":58},"end":{"line":340,"column":90}},"line":340},"33":{"name":"(anonymous_33)","decl":{"start":{"line":340,"column":244},"end":{"line":340,"column":249}},"loc":{"start":{"line":340,"column":244},"end":{"line":340,"column":276}},"line":340},"34":{"name":"(anonymous_34)","decl":{"start":{"line":361,"column":26},"end":{"line":361,"column":32}},"loc":{"start":{"line":361,"column":32},"end":{"line":361,"column":null}},"line":361},"35":{"name":"(anonymous_35)","decl":{"start":{"line":368,"column":25},"end":{"line":368,"column":31}},"loc":{"start":{"line":368,"column":31},"end":{"line":368,"column":null}},"line":368}},"branchMap":{"0":{"loc":{"start":{"line":32,"column":6},"end":{"line":34,"column":null}},"type":"if","locations":[{"start":{"line":32,"column":6},"end":{"line":34,"column":null}},{"start":{},"end":{}}],"line":32},"1":{"loc":{"start":{"line":40,"column":4},"end":{"line":42,"column":null}},"type":"if","locations":[{"start":{"line":40,"column":4},"end":{"line":42,"column":null}},{"start":{},"end":{}}],"line":40},"2":{"loc":{"start":{"line":51,"column":4},"end":{"line":55,"column":null}},"type":"if","locations":[{"start":{"line":51,"column":4},"end":{"line":55,"column":null}},{"start":{},"end":{}}],"line":51},"3":{"loc":{"start":{"line":60,"column":6},"end":{"line":76,"column":null}},"type":"if","locations":[{"start":{"line":60,"column":6},"end":{"line":76,"column":null}},{"start":{"line":74,"column":13},"end":{"line":76,"column":null}}],"line":60},"4":{"loc":{"start":{"line":67,"column":16},"end":{"line":67,"column":null}},"type":"binary-expr","locations":[{"start":{"line":67,"column":16},"end":{"line":67,"column":29}},{"start":{"line":67,"column":29},"end":{"line":67,"column":null}}],"line":67},"5":{"loc":{"start":{"line":69,"column":26},"end":{"line":69,"column":null}},"type":"cond-expr","locations":[{"start":{"line":69,"column":48},"end":{"line":69,"column":80}},{"start":{"line":69,"column":80},"end":{"line":69,"column":null}}],"line":69},"6":{"loc":{"start":{"line":84,"column":4},"end":{"line":84,"column":null}},"type":"if","locations":[{"start":{"line":84,"column":4},"end":{"line":84,"column":null}},{"start":{},"end":{}}],"line":84},"7":{"loc":{"start":{"line":95,"column":22},"end":{"line":95,"column":null}},"type":"cond-expr","locations":[{"start":{"line":95,"column":44},"end":{"line":95,"column":80}},{"start":{"line":95,"column":80},"end":{"line":95,"column":null}}],"line":95},"8":{"loc":{"start":{"line":96,"column":16},"end":{"line":96,"column":null}},"type":"binary-expr","locations":[{"start":{"line":96,"column":16},"end":{"line":96,"column":33}},{"start":{"line":96,"column":33},"end":{"line":96,"column":null}}],"line":96},"9":{"loc":{"start":{"line":101,"column":4},"end":{"line":101,"column":null}},"type":"if","locations":[{"start":{"line":101,"column":4},"end":{"line":101,"column":null}},{"start":{},"end":{}}],"line":101},"10":{"loc":{"start":{"line":106,"column":4},"end":{"line":106,"column":null}},"type":"if","locations":[{"start":{"line":106,"column":4},"end":{"line":106,"column":null}},{"start":{},"end":{}}],"line":106},"11":{"loc":{"start":{"line":112,"column":22},"end":{"line":112,"column":null}},"type":"cond-expr","locations":[{"start":{"line":112,"column":51},"end":{"line":112,"column":94}},{"start":{"line":112,"column":94},"end":{"line":112,"column":null}}],"line":112},"12":{"loc":{"start":{"line":127,"column":4},"end":{"line":130,"column":null}},"type":"if","locations":[{"start":{"line":127,"column":4},"end":{"line":130,"column":null}},{"start":{},"end":{}}],"line":127},"13":{"loc":{"start":{"line":136,"column":6},"end":{"line":144,"column":null}},"type":"if","locations":[{"start":{"line":136,"column":6},"end":{"line":144,"column":null}},{"start":{"line":138,"column":6},"end":{"line":144,"column":null}}],"line":136},"14":{"loc":{"start":{"line":137,"column":40},"end":{"line":137,"column":68}},"type":"binary-expr","locations":[{"start":{"line":137,"column":40},"end":{"line":137,"column":67}},{"start":{"line":137,"column":67},"end":{"line":137,"column":68}}],"line":137},"15":{"loc":{"start":{"line":137,"column":83},"end":{"line":137,"column":110}},"type":"binary-expr","locations":[{"start":{"line":137,"column":83},"end":{"line":137,"column":109}},{"start":{"line":137,"column":109},"end":{"line":137,"column":110}}],"line":137},"16":{"loc":{"start":{"line":138,"column":6},"end":{"line":144,"column":null}},"type":"if","locations":[{"start":{"line":138,"column":6},"end":{"line":144,"column":null}},{"start":{"line":140,"column":6},"end":{"line":144,"column":null}}],"line":138},"17":{"loc":{"start":{"line":140,"column":6},"end":{"line":144,"column":null}},"type":"if","locations":[{"start":{"line":140,"column":6},"end":{"line":144,"column":null}},{"start":{"line":142,"column":13},"end":{"line":144,"column":null}}],"line":140},"18":{"loc":{"start":{"line":165,"column":4},"end":{"line":170,"column":null}},"type":"if","locations":[{"start":{"line":165,"column":4},"end":{"line":170,"column":null}},{"start":{"line":168,"column":11},"end":{"line":170,"column":null}}],"line":165},"19":{"loc":{"start":{"line":184,"column":6},"end":{"line":186,"column":null}},"type":"if","locations":[{"start":{"line":184,"column":6},"end":{"line":186,"column":null}},{"start":{},"end":{}}],"line":184},"20":{"loc":{"start":{"line":199,"column":7},"end":{"line":202,"column":null}},"type":"binary-expr","locations":[{"start":{"line":199,"column":7},"end":{"line":199,"column":null}},{"start":{"line":200,"column":8},"end":{"line":202,"column":null}}],"line":199},"21":{"loc":{"start":{"line":215,"column":9},"end":{"line":228,"column":null}},"type":"binary-expr","locations":[{"start":{"line":215,"column":9},"end":{"line":215,"column":null}},{"start":{"line":216,"column":10},"end":{"line":228,"column":null}}],"line":215},"22":{"loc":{"start":{"line":223,"column":13},"end":{"line":226,"column":null}},"type":"binary-expr","locations":[{"start":{"line":223,"column":13},"end":{"line":223,"column":null}},{"start":{"line":224,"column":14},"end":{"line":226,"column":null}}],"line":223},"23":{"loc":{"start":{"line":233,"column":9},"end":{"line":372,"column":null}},"type":"cond-expr","locations":[{"start":{"line":234,"column":10},"end":{"line":236,"column":null}},{"start":{"line":237,"column":12},"end":{"line":372,"column":null}}],"line":233},"24":{"loc":{"start":{"line":237,"column":12},"end":{"line":372,"column":null}},"type":"cond-expr","locations":[{"start":{"line":238,"column":10},"end":{"line":249,"column":null}},{"start":{"line":251,"column":10},"end":{"line":372,"column":null}}],"line":237},"25":{"loc":{"start":{"line":260,"column":21},"end":{"line":263,"column":null}},"type":"binary-expr","locations":[{"start":{"line":260,"column":21},"end":{"line":260,"column":null}},{"start":{"line":261,"column":22},"end":{"line":263,"column":null}}],"line":260},"26":{"loc":{"start":{"line":268,"column":17},"end":{"line":293,"column":null}},"type":"cond-expr","locations":[{"start":{"line":269,"column":18},"end":{"line":271,"column":null}},{"start":{"line":272,"column":20},"end":{"line":293,"column":null}}],"line":268},"27":{"loc":{"start":{"line":272,"column":20},"end":{"line":293,"column":null}},"type":"cond-expr","locations":[{"start":{"line":273,"column":18},"end":{"line":281,"column":null}},{"start":{"line":283,"column":18},"end":{"line":293,"column":null}}],"line":272},"28":{"loc":{"start":{"line":330,"column":22},"end":{"line":330,"column":null}},"type":"if","locations":[{"start":{"line":330,"column":22},"end":{"line":330,"column":null}},{"start":{},"end":{}}],"line":330},"29":{"loc":{"start":{"line":331,"column":22},"end":{"line":333,"column":null}},"type":"if","locations":[{"start":{"line":331,"column":22},"end":{"line":333,"column":null}},{"start":{},"end":{}}],"line":331},"30":{"loc":{"start":{"line":331,"column":107},"end":{"line":331,"column":136}},"type":"cond-expr","locations":[{"start":{"line":331,"column":128},"end":{"line":331,"column":134}},{"start":{"line":331,"column":134},"end":{"line":331,"column":136}}],"line":331},"31":{"loc":{"start":{"line":340,"column":45},"end":{"line":340,"column":171}},"type":"cond-expr","locations":[{"start":{"line":340,"column":107},"end":{"line":340,"column":124}},{"start":{"line":340,"column":124},"end":{"line":340,"column":171}}],"line":340},"32":{"loc":{"start":{"line":340,"column":231},"end":{"line":340,"column":355}},"type":"cond-expr","locations":[{"start":{"line":340,"column":293},"end":{"line":340,"column":327}},{"start":{"line":340,"column":327},"end":{"line":340,"column":355}}],"line":340},"33":{"loc":{"start":{"line":348,"column":22},"end":{"line":350,"column":null}},"type":"cond-expr","locations":[{"start":{"line":349,"column":26},"end":{"line":349,"column":null}},{"start":{"line":350,"column":26},"end":{"line":350,"column":null}}],"line":348},"34":{"loc":{"start":{"line":353,"column":21},"end":{"line":353,"column":null}},"type":"cond-expr","locations":[{"start":{"line":353,"column":42},"end":{"line":353,"column":66}},{"start":{"line":353,"column":66},"end":{"line":353,"column":null}}],"line":353},"35":{"loc":{"start":{"line":358,"column":13},"end":{"line":363,"column":null}},"type":"binary-expr","locations":[{"start":{"line":358,"column":13},"end":{"line":358,"column":null}},{"start":{"line":359,"column":14},"end":{"line":363,"column":null}}],"line":358},"36":{"loc":{"start":{"line":365,"column":13},"end":{"line":370,"column":null}},"type":"binary-expr","locations":[{"start":{"line":365,"column":13},"end":{"line":365,"column":null}},{"start":{"line":366,"column":14},"end":{"line":370,"column":null}}],"line":365}},"s":{"0":15,"1":15,"2":15,"3":15,"4":15,"5":15,"6":15,"7":15,"8":15,"9":15,"10":15,"11":5,"12":5,"13":0,"14":15,"15":0,"16":0,"17":0,"18":0,"19":0,"20":0,"21":15,"22":5,"23":0,"24":0,"25":0,"26":5,"27":5,"28":10,"29":9,"30":9,"31":25,"32":9,"33":1,"34":10,"35":5,"36":5,"37":15,"38":3,"39":0,"40":3,"41":3,"42":3,"43":15,"44":0,"45":0,"46":0,"47":15,"48":0,"49":0,"50":0,"51":0,"52":15,"53":0,"54":15,"55":0,"56":15,"57":0,"58":0,"59":0,"60":0,"61":0,"62":0,"63":0,"64":0,"65":0,"66":0,"67":0,"68":0,"69":0,"70":0,"71":0,"72":0,"73":15,"74":0,"75":0,"76":0,"77":15,"78":0,"79":0,"80":0,"81":0,"82":15,"83":0,"84":0,"85":0,"86":0,"87":0,"88":15,"89":0,"90":0,"91":15,"92":15,"93":26,"94":26,"95":26,"96":21,"97":5,"98":15,"99":0,"100":25,"101":0,"102":0,"103":0,"104":0,"105":0,"106":0,"107":0,"108":0,"109":0,"110":25,"111":25,"112":25,"113":0,"114":0},"f":{"0":15,"1":5,"2":5,"3":0,"4":0,"5":5,"6":10,"7":25,"8":5,"9":3,"10":0,"11":0,"12":0,"13":0,"14":0,"15":0,"16":0,"17":0,"18":0,"19":0,"20":0,"21":0,"22":0,"23":0,"24":15,"25":26,"26":0,"27":25,"28":0,"29":0,"30":0,"31":25,"32":25,"33":25,"34":0,"35":0},"b":{"0":[0,5],"1":[0,0],"2":[0,5],"3":[9,1],"4":[25,0],"5":[24,1],"6":[0,3],"7":[0,3],"8":[3,3],"9":[0,0],"10":[0,0],"11":[0,0],"12":[0,0],"13":[0,0],"14":[0,0],"15":[0,0],"16":[0,0],"17":[0,0],"18":[0,0],"19":[21,5],"20":[15,0],"21":[15,15],"22":[15,0],"23":[0,15],"24":[0,15],"25":[15,9],"26":[5,10],"27":[1,9],"28":[0,0],"29":[0,0],"30":[0,0],"31":[15,0],"32":[15,0],"33":[0,15],"34":[0,15],"35":[15,0],"36":[15,0]},"meta":{"lastBranch":37,"lastFunction":36,"lastStatement":115,"seen":{"f:18:9:18:15":0,"s:19:24:19:Infinity":0,"s:20:42:20:Infinity":1,"s:21:36:21:Infinity":2,"s:22:50:22:Infinity":3,"s:23:50:23:Infinity":4,"s:24:46:24:Infinity":5,"s:25:38:25:Infinity":6,"s:26:50:26:Infinity":7,"s:27:50:27:Infinity":8,"s:28:8:28:Infinity":9,"s:30:2:36:Infinity":10,"f:30:12:30:18":1,"s:31:4:35:Infinity":11,"f:31:11:31:17":2,"b:32:6:34:Infinity:undefined:undefined:undefined:undefined":0,"s:32:6:34:Infinity":12,"s:33:8:33:Infinity":13,"s:38:27:47:Infinity":14,"f:38:27:38:28":3,"s:39:4:39:Infinity":15,"b:40:4:42:Infinity:undefined:undefined:undefined:undefined":1,"s:40:4:42:Infinity":16,"s:41:6:41:Infinity":17,"s:43:4:46:Infinity":18,"f:43:48:43:54":4,"s:44:6:44:Infinity":19,"s:45:6:45:Infinity":20,"s:50:2:81:Infinity":21,"f:50:12:50:18":5,"b:51:4:55:Infinity:undefined:undefined:undefined:undefined":2,"s:51:4:55:Infinity":22,"s:52:6:52:Infinity":23,"s:53:6:53:Infinity":24,"s:54:6:54:Infinity":25,"s:57:10:57:Infinity":26,"s:59:10:78:Infinity":27,"f:59:42:59:43":6,"b:60:6:76:Infinity:74:13:76:Infinity":3,"s:60:6:76:Infinity":28,"s:61:21:61:Infinity":29,"s:62:27:72:Infinity":30,"f:62:52:62:53":7,"s:62:84:72:10":31,"b:67:16:67:29:67:29:67:Infinity":4,"b:69:48:69:80:69:80:69:Infinity":5,"s:73:8:73:Infinity":32,"s:75:8:75:Infinity":33,"s:77:6:77:Infinity":34,"s:80:4:80:Infinity":35,"f:80:11:80:17":8,"s:80:17:80:Infinity":36,"s:83:20:98:Infinity":37,"f:83:20:83:27":9,"b:84:4:84:Infinity:undefined:undefined:undefined:undefined":6,"s:84:4:84:Infinity":38,"s:84:15:84:Infinity":39,"s:86:10:86:Infinity":40,"s:87:10:87:Infinity":41,"s:89:4:97:Infinity":42,"b:95:44:95:80:95:80:95:Infinity":7,"b:96:16:96:33:96:33:96:Infinity":8,"s:100:23:103:Infinity":43,"f:100:23:100:30":10,"b:101:4:101:Infinity:undefined:undefined:undefined:undefined":9,"s:101:4:101:Infinity":44,"s:101:15:101:Infinity":45,"s:102:4:102:Infinity":46,"s:105:23:116:Infinity":47,"f:105:23:105:30":11,"b:106:4:106:Infinity:undefined:undefined:undefined:undefined":10,"s:106:4:106:Infinity":48,"s:106:15:106:Infinity":49,"s:107:4:114:Infinity":50,"b:112:51:112:94:112:94:112:Infinity":11,"s:115:4:115:Infinity":51,"s:118:31:120:Infinity":52,"f:118:31:118:32":12,"s:119:4:119:Infinity":53,"s:122:28:124:Infinity":54,"f:122:28:122:29":13,"s:123:4:123:Infinity":55,"s:126:26:151:Infinity":56,"f:126:26:126:38":14,"b:127:4:130:Infinity:undefined:undefined:undefined:undefined":12,"s:127:4:130:Infinity":57,"s:128:6:128:Infinity":58,"s:129:6:129:Infinity":59,"s:132:4:132:Infinity":60,"s:133:4:150:Infinity":61,"s:134:21:134:Infinity":62,"b:136:6:144:Infinity:138:6:144:Infinity":13,"s:136:6:144:Infinity":63,"s:137:8:137:Infinity":64,"b:137:40:137:67:137:67:137:68":14,"b:137:83:137:109:137:109:137:110":15,"b:138:6:144:Infinity:140:6:144:Infinity":16,"s:138:6:144:Infinity":65,"s:139:8:139:Infinity":66,"b:140:6:144:Infinity:142:13:144:Infinity":17,"s:140:6:144:Infinity":67,"s:141:8:141:Infinity":68,"s:143:8:143:Infinity":69,"s:146:6:146:Infinity":70,"s:147:6:147:Infinity":71,"s:149:6:149:Infinity":72,"s:153:32:156:Infinity":73,"f:153:32:153:33":15,"s:154:4:154:Infinity":74,"f:154:24:154:32":16,"s:154:32:154:49":75,"s:155:4:155:Infinity":76,"s:158:38:161:Infinity":77,"f:158:38:158:39":17,"s:159:4:159:Infinity":78,"f:159:24:159:32":18,"s:159:32:159:67":79,"f:159:44:159:49":19,"s:159:49:159:66":80,"s:160:4:160:Infinity":81,"s:163:34:171:Infinity":82,"f:163:34:163:35":20,"b:165:4:170:Infinity:168:11:170:Infinity":18,"s:165:4:170:Infinity":83,"f:165:27:165:32":21,"s:165:32:165:48":84,"s:166:6:166:Infinity":85,"s:167:6:167:Infinity":86,"s:169:6:169:Infinity":87,"s:173:39:175:Infinity":88,"f:173:39:173:40":22,"s:174:4:174:Infinity":89,"f:174:40:174:48":23,"s:174:48:174:62":90,"s:178:8:191:Infinity":91,"f:178:30:178:36":24,"s:179:4:190:Infinity":92,"f:179:27:179:28":25,"s:180:12:180:Infinity":93,"s:181:12:181:Infinity":94,"b:184:6:186:Infinity:undefined:undefined:undefined:undefined":19,"s:184:6:186:Infinity":95,"s:185:8:185:Infinity":96,"s:189:6:189:Infinity":97,"s:194:2:375:Infinity":98,"b:199:7:199:Infinity:200:8:202:Infinity":20,"b:215:9:215:Infinity:216:10:228:Infinity":21,"f:217:21:217:27":26,"s:217:27:217:Infinity":99,"b:223:13:223:Infinity:224:14:226:Infinity":22,"b:234:10:236:Infinity:237:12:372:Infinity":23,"b:238:10:249:Infinity:251:10:372:Infinity":24,"b:260:21:260:Infinity:261:22:263:Infinity":25,"b:269:18:271:Infinity:272:20:293:Infinity":26,"b:273:18:281:Infinity:283:18:293:Infinity":27,"f:284:37:284:Infinity":27,"s:285:22:291:Infinity":100,"f:289:32:289:33":28,"s:289:46:289:Infinity":101,"f:328:29:328:41":29,"s:329:38:329:Infinity":102,"f:329:51:329:56":30,"s:329:51:329:83":103,"b:330:22:330:Infinity:undefined:undefined:undefined:undefined":28,"s:330:22:330:Infinity":104,"s:330:48:330:Infinity":105,"b:331:22:333:Infinity:undefined:undefined:undefined:undefined":29,"s:331:22:333:Infinity":106,"b:331:128:331:134:331:134:331:136":30,"s:332:24:332:Infinity":107,"s:335:22:337:Infinity":108,"s:336:24:336:Infinity":109,"f:339:43:339:48":31,"s:339:43:339:75":110,"b:340:107:340:124:340:124:340:171":31,"f:340:58:340:63":32,"s:340:58:340:90":111,"b:340:293:340:327:340:327:340:355":32,"f:340:244:340:249":33,"s:340:244:340:276":112,"b:349:26:349:Infinity:350:26:350:Infinity":33,"b:353:42:353:66:353:66:353:Infinity":34,"b:358:13:358:Infinity:359:14:363:Infinity":35,"f:361:26:361:32":34,"s:361:32:361:Infinity":113,"b:365:13:365:Infinity:366:14:370:Infinity":36,"f:368:25:368:31":35,"s:368:31:368:Infinity":114}}}
,"C:\\Users\\galex_cxlntn4\\CS392\\fridge-tracker\\src\\components\\AddItemForm.tsx": {"path":"C:\\Users\\galex_cxlntn4\\CS392\\fridge-tracker\\src\\components\\AddItemForm.tsx","statementMap":{"0":{"start":{"line":12,"column":55},"end":{"line":195,"column":null}},"1":{"start":{"line":13,"column":26},"end":{"line":13,"column":null}},"2":{"start":{"line":14,"column":2},"end":{"line":14,"column":null}},"3":{"start":{"line":16,"column":30},"end":{"line":23,"column":null}},"4":{"start":{"line":25,"column":23},"end":{"line":47,"column":null}},"5":{"start":{"line":26,"column":4},"end":{"line":26,"column":null}},"6":{"start":{"line":27,"column":4},"end":{"line":30,"column":null}},"7":{"start":{"line":28,"column":6},"end":{"line":28,"column":null}},"8":{"start":{"line":29,"column":6},"end":{"line":29,"column":null}},"9":{"start":{"line":32,"column":4},"end":{"line":36,"column":null}},"10":{"start":{"line":38,"column":4},"end":{"line":45,"column":null}},"11":{"start":{"line":46,"column":4},"end":{"line":46,"column":null}},"12":{"start":{"line":49,"column":2},"end":{"line":59,"column":null}},"13":{"start":{"line":50,"column":4},"end":{"line":57,"column":null}},"14":{"start":{"line":52,"column":23},"end":{"line":52,"column":null}},"15":{"start":{"line":61,"column":2},"end":{"line":193,"column":null}},"16":{"start":{"line":78,"column":27},"end":{"line":78,"column":null}},"17":{"start":{"line":91,"column":29},"end":{"line":91,"column":null}},"18":{"start":{"line":95,"column":14},"end":{"line":95,"column":null}},"19":{"start":{"line":110,"column":31},"end":{"line":110,"column":null}},"20":{"start":{"line":115,"column":31},"end":{"line":115,"column":null}},"21":{"start":{"line":119,"column":16},"end":{"line":119,"column":null}},"22":{"start":{"line":134,"column":47},"end":{"line":134,"column":null}},"23":{"start":{"line":158,"column":47},"end":{"line":158,"column":null}},"24":{"start":{"line":187,"column":25},"end":{"line":187,"column":null}}},"fnMap":{"0":{"name":"(anonymous_0)","decl":{"start":{"line":12,"column":55},"end":{"line":12,"column":56}},"loc":{"start":{"line":12,"column":70},"end":{"line":195,"column":null}},"line":12},"1":{"name":"(anonymous_1)","decl":{"start":{"line":25,"column":23},"end":{"line":25,"column":24}},"loc":{"start":{"line":25,"column":47},"end":{"line":47,"column":null}},"line":25},"2":{"name":"(anonymous_2)","decl":{"start":{"line":52,"column":17},"end":{"line":52,"column":23}},"loc":{"start":{"line":52,"column":23},"end":{"line":52,"column":null}},"line":52},"3":{"name":"(anonymous_3)","decl":{"start":{"line":78,"column":20},"end":{"line":78,"column":21}},"loc":{"start":{"line":78,"column":27},"end":{"line":78,"column":null}},"line":78},"4":{"name":"(anonymous_4)","decl":{"start":{"line":91,"column":22},"end":{"line":91,"column":23}},"loc":{"start":{"line":91,"column":29},"end":{"line":91,"column":null}},"line":91},"5":{"name":"(anonymous_5)","decl":{"start":{"line":94,"column":28},"end":{"line":94,"column":null}},"loc":{"start":{"line":95,"column":14},"end":{"line":95,"column":null}},"line":95},"6":{"name":"(anonymous_6)","decl":{"start":{"line":110,"column":24},"end":{"line":110,"column":25}},"loc":{"start":{"line":110,"column":31},"end":{"line":110,"column":null}},"line":110},"7":{"name":"(anonymous_7)","decl":{"start":{"line":115,"column":24},"end":{"line":115,"column":25}},"loc":{"start":{"line":115,"column":31},"end":{"line":115,"column":null}},"line":115},"8":{"name":"(anonymous_8)","decl":{"start":{"line":118,"column":25},"end":{"line":118,"column":null}},"loc":{"start":{"line":119,"column":16},"end":{"line":119,"column":null}},"line":119},"9":{"name":"(anonymous_9)","decl":{"start":{"line":134,"column":24},"end":{"line":134,"column":25}},"loc":{"start":{"line":134,"column":47},"end":{"line":134,"column":null}},"line":134},"10":{"name":"(anonymous_10)","decl":{"start":{"line":158,"column":24},"end":{"line":158,"column":25}},"loc":{"start":{"line":158,"column":47},"end":{"line":158,"column":null}},"line":158},"11":{"name":"(anonymous_11)","decl":{"start":{"line":187,"column":19},"end":{"line":187,"column":25}},"loc":{"start":{"line":187,"column":25},"end":{"line":187,"column":null}},"line":187}},"branchMap":{"0":{"loc":{"start":{"line":27,"column":4},"end":{"line":30,"column":null}},"type":"if","locations":[{"start":{"line":27,"column":4},"end":{"line":30,"column":null}},{"start":{},"end":{}}],"line":27},"1":{"loc":{"start":{"line":35,"column":22},"end":{"line":35,"column":null}},"type":"cond-expr","locations":[{"start":{"line":35,"column":48},"end":{"line":35,"column":84}},{"start":{"line":35,"column":84},"end":{"line":35,"column":null}}],"line":35},"2":{"loc":{"start":{"line":49,"column":2},"end":{"line":59,"column":null}},"type":"if","locations":[{"start":{"line":49,"column":2},"end":{"line":59,"column":null}},{"start":{},"end":{}}],"line":49},"3":{"loc":{"start":{"line":134,"column":88},"end":{"line":134,"column":107}},"type":"binary-expr","locations":[{"start":{"line":134,"column":88},"end":{"line":134,"column":96}},{"start":{"line":134,"column":96},"end":{"line":134,"column":107}}],"line":134},"4":{"loc":{"start":{"line":141,"column":13},"end":{"line":146,"column":null}},"type":"binary-expr","locations":[{"start":{"line":141,"column":13},"end":{"line":141,"column":null}},{"start":{"line":142,"column":14},"end":{"line":146,"column":null}}],"line":141},"5":{"loc":{"start":{"line":167,"column":13},"end":{"line":172,"column":null}},"type":"binary-expr","locations":[{"start":{"line":167,"column":13},"end":{"line":167,"column":null}},{"start":{"line":168,"column":14},"end":{"line":172,"column":null}}],"line":167}},"s":{"0":1,"1":37,"2":37,"3":37,"4":37,"5":3,"6":3,"7":0,"8":0,"9":3,"10":3,"11":3,"12":37,"13":18,"14":3,"15":19,"16":16,"17":0,"18":133,"19":0,"20":0,"21":133,"22":0,"23":0,"24":0},"f":{"0":37,"1":3,"2":3,"3":16,"4":0,"5":133,"6":0,"7":0,"8":133,"9":0,"10":0,"11":0},"b":{"0":[0,3],"1":[0,3],"2":[18,19],"3":[0,0],"4":[19,19],"5":[37,0]},"meta":{"lastBranch":6,"lastFunction":12,"lastStatement":25,"seen":{"s:12:55:195:Infinity":0,"f:12:55:12:56":0,"s:13:26:13:Infinity":1,"s:14:2:14:Infinity":2,"s:16:30:23:Infinity":3,"s:25:23:47:Infinity":4,"f:25:23:25:24":1,"s:26:4:26:Infinity":5,"b:27:4:30:Infinity:undefined:undefined:undefined:undefined":0,"s:27:4:30:Infinity":6,"s:28:6:28:Infinity":7,"s:29:6:29:Infinity":8,"s:32:4:36:Infinity":9,"b:35:48:35:84:35:84:35:Infinity":1,"s:38:4:45:Infinity":10,"s:46:4:46:Infinity":11,"b:49:2:59:Infinity:undefined:undefined:undefined:undefined":2,"s:49:2:59:Infinity":12,"s:50:4:57:Infinity":13,"f:52:17:52:23":2,"s:52:23:52:Infinity":14,"s:61:2:193:Infinity":15,"f:78:20:78:21":3,"s:78:27:78:Infinity":16,"f:91:22:91:23":4,"s:91:29:91:Infinity":17,"f:94:28:94:Infinity":5,"s:95:14:95:Infinity":18,"f:110:24:110:25":6,"s:110:31:110:Infinity":19,"f:115:24:115:25":7,"s:115:31:115:Infinity":20,"f:118:25:118:Infinity":8,"s:119:16:119:Infinity":21,"f:134:24:134:25":9,"s:134:47:134:Infinity":22,"b:134:88:134:96:134:96:134:107":3,"b:141:13:141:Infinity:142:14:146:Infinity":4,"f:158:24:158:25":10,"s:158:47:158:Infinity":23,"b:167:13:167:Infinity:168:14:172:Infinity":5,"f:187:19:187:25":11,"s:187:25:187:Infinity":24}}}
,"C:\\Users\\galex_cxlntn4\\CS392\\fridge-tracker\\src\\components\\EditItemModal.tsx": {"path":"C:\\Users\\galex_cxlntn4\\CS392\\fridge-tracker\\src\\components\\EditItemModal.tsx","statementMap":{"0":{"start":{"line":13,"column":59},"end":{"line":167,"column":null}},"1":{"start":{"line":14,"column":2},"end":{"line":14,"column":null}},"2":{"start":{"line":16,"column":30},"end":{"line":23,"column":null}},"3":{"start":{"line":25,"column":23},"end":{"line":38,"column":null}},"4":{"start":{"line":26,"column":4},"end":{"line":26,"column":null}},"5":{"start":{"line":27,"column":4},"end":{"line":30,"column":null}},"6":{"start":{"line":28,"column":6},"end":{"line":28,"column":null}},"7":{"start":{"line":29,"column":6},"end":{"line":29,"column":null}},"8":{"start":{"line":32,"column":4},"end":{"line":37,"column":null}},"9":{"start":{"line":40,"column":2},"end":{"line":165,"column":null}},"10":{"start":{"line":67,"column":29},"end":{"line":67,"column":null}},"11":{"start":{"line":80,"column":31},"end":{"line":80,"column":null}},"12":{"start":{"line":84,"column":16},"end":{"line":84,"column":null}},"13":{"start":{"line":99,"column":33},"end":{"line":99,"column":null}},"14":{"start":{"line":104,"column":33},"end":{"line":104,"column":null}},"15":{"start":{"line":108,"column":18},"end":{"line":108,"column":null}},"16":{"start":{"line":122,"column":47},"end":{"line":122,"column":null}},"17":{"start":{"line":137,"column":47},"end":{"line":137,"column":null}}},"fnMap":{"0":{"name":"(anonymous_0)","decl":{"start":{"line":13,"column":59},"end":{"line":13,"column":60}},"loc":{"start":{"line":13,"column":91},"end":{"line":167,"column":null}},"line":13},"1":{"name":"(anonymous_1)","decl":{"start":{"line":25,"column":23},"end":{"line":25,"column":24}},"loc":{"start":{"line":25,"column":47},"end":{"line":38,"column":null}},"line":25},"2":{"name":"(anonymous_2)","decl":{"start":{"line":67,"column":22},"end":{"line":67,"column":23}},"loc":{"start":{"line":67,"column":29},"end":{"line":67,"column":null}},"line":67},"3":{"name":"(anonymous_3)","decl":{"start":{"line":80,"column":24},"end":{"line":80,"column":25}},"loc":{"start":{"line":80,"column":31},"end":{"line":80,"column":null}},"line":80},"4":{"name":"(anonymous_4)","decl":{"start":{"line":83,"column":30},"end":{"line":83,"column":null}},"loc":{"start":{"line":84,"column":16},"end":{"line":84,"column":null}},"line":84},"5":{"name":"(anonymous_5)","decl":{"start":{"line":99,"column":26},"end":{"line":99,"column":27}},"loc":{"start":{"line":99,"column":33},"end":{"line":99,"column":null}},"line":99},"6":{"name":"(anonymous_6)","decl":{"start":{"line":104,"column":26},"end":{"line":104,"column":27}},"loc":{"start":{"line":104,"column":33},"end":{"line":104,"column":null}},"line":104},"7":{"name":"(anonymous_7)","decl":{"start":{"line":107,"column":27},"end":{"line":107,"column":null}},"loc":{"start":{"line":108,"column":18},"end":{"line":108,"column":null}},"line":108},"8":{"name":"(anonymous_8)","decl":{"start":{"line":122,"column":24},"end":{"line":122,"column":25}},"loc":{"start":{"line":122,"column":47},"end":{"line":122,"column":null}},"line":122},"9":{"name":"(anonymous_9)","decl":{"start":{"line":137,"column":24},"end":{"line":137,"column":25}},"loc":{"start":{"line":137,"column":47},"end":{"line":137,"column":null}},"line":137}},"branchMap":{"0":{"loc":{"start":{"line":22,"column":20},"end":{"line":22,"column":null}},"type":"cond-expr","locations":[{"start":{"line":22,"column":42},"end":{"line":22,"column":74}},{"start":{"line":22,"column":74},"end":{"line":22,"column":null}}],"line":22},"1":{"loc":{"start":{"line":27,"column":4},"end":{"line":30,"column":null}},"type":"if","locations":[{"start":{"line":27,"column":4},"end":{"line":30,"column":null}},{"start":{},"end":{}}],"line":27},"2":{"loc":{"start":{"line":36,"column":22},"end":{"line":36,"column":null}},"type":"cond-expr","locations":[{"start":{"line":36,"column":48},"end":{"line":36,"column":84}},{"start":{"line":36,"column":84},"end":{"line":36,"column":null}}],"line":36},"3":{"loc":{"start":{"line":122,"column":88},"end":{"line":122,"column":107}},"type":"binary-expr","locations":[{"start":{"line":122,"column":88},"end":{"line":122,"column":96}},{"start":{"line":122,"column":96},"end":{"line":122,"column":107}}],"line":122}},"s":{"0":1,"1":0,"2":0,"3":0,"4":0,"5":0,"6":0,"7":0,"8":0,"9":0,"10":0,"11":0,"12":0,"13":0,"14":0,"15":0,"16":0,"17":0},"f":{"0":0,"1":0,"2":0,"3":0,"4":0,"5":0,"6":0,"7":0,"8":0,"9":0},"b":{"0":[0,0],"1":[0,0],"2":[0,0],"3":[0,0]},"meta":{"lastBranch":4,"lastFunction":10,"lastStatement":18,"seen":{"s:13:59:167:Infinity":0,"f:13:59:13:60":0,"s:14:2:14:Infinity":1,"s:16:30:23:Infinity":2,"b:22:42:22:74:22:74:22:Infinity":0,"s:25:23:38:Infinity":3,"f:25:23:25:24":1,"s:26:4:26:Infinity":4,"b:27:4:30:Infinity:undefined:undefined:undefined:undefined":1,"s:27:4:30:Infinity":5,"s:28:6:28:Infinity":6,"s:29:6:29:Infinity":7,"s:32:4:37:Infinity":8,"b:36:48:36:84:36:84:36:Infinity":2,"s:40:2:165:Infinity":9,"f:67:22:67:23":2,"s:67:29:67:Infinity":10,"f:80:24:80:25":3,"s:80:31:80:Infinity":11,"f:83:30:83:Infinity":4,"s:84:16:84:Infinity":12,"f:99:26:99:27":5,"s:99:33:99:Infinity":13,"f:104:26:104:27":6,"s:104:33:104:Infinity":14,"f:107:27:107:Infinity":7,"s:108:18:108:Infinity":15,"f:122:24:122:25":8,"s:122:47:122:Infinity":16,"b:122:88:122:96:122:96:122:107":3,"f:137:24:137:25":9,"s:137:47:137:Infinity":17}}}
,"C:\\Users\\galex_cxlntn4\\CS392\\fridge-tracker\\src\\components\\FridgeItem.tsx": {"path":"C:\\Users\\galex_cxlntn4\\CS392\\fridge-tracker\\src\\components\\FridgeItem.tsx","statementMap":{"0":{"start":{"line":12,"column":62},"end":{"line":117,"column":null}},"1":{"start":{"line":13,"column":8},"end":{"line":13,"column":null}},"2":{"start":{"line":14,"column":28},"end":{"line":14,"column":null}},"3":{"start":{"line":15,"column":8},"end":{"line":15,"column":null}},"4":{"start":{"line":17,"column":29},"end":{"line":41,"column":null}},"5":{"start":{"line":18,"column":4},"end":{"line":40,"column":null}},"6":{"start":{"line":20,"column":8},"end":{"line":25,"column":null}},"7":{"start":{"line":27,"column":8},"end":{"line":32,"column":null}},"8":{"start":{"line":34,"column":8},"end":{"line":39,"column":null}},"9":{"start":{"line":43,"column":26},"end":{"line":43,"column":null}},"10":{"start":{"line":45,"column":28},"end":{"line":59,"column":null}},"11":{"start":{"line":46,"column":4},"end":{"line":48,"column":null}},"12":{"start":{"line":47,"column":6},"end":{"line":47,"column":null}},"13":{"start":{"line":50,"column":4},"end":{"line":58,"column":null}},"14":{"start":{"line":51,"column":6},"end":{"line":51,"column":null}},"15":{"start":{"line":52,"column":4},"end":{"line":58,"column":null}},"16":{"start":{"line":53,"column":6},"end":{"line":53,"column":null}},"17":{"start":{"line":54,"column":4},"end":{"line":58,"column":null}},"18":{"start":{"line":55,"column":6},"end":{"line":55,"column":null}},"19":{"start":{"line":57,"column":6},"end":{"line":57,"column":null}},"20":{"start":{"line":61,"column":2},"end":{"line":115,"column":null}},"21":{"start":{"line":95,"column":27},"end":{"line":95,"column":null}},"22":{"start":{"line":102,"column":27},"end":{"line":102,"column":null}},"23":{"start":{"line":108,"column":27},"end":{"line":108,"column":null}}},"fnMap":{"0":{"name":"(anonymous_0)","decl":{"start":{"line":12,"column":62},"end":{"line":12,"column":63}},"loc":{"start":{"line":12,"column":115},"end":{"line":117,"column":null}},"line":12},"1":{"name":"(anonymous_1)","decl":{"start":{"line":17,"column":29},"end":{"line":17,"column":35}},"loc":{"start":{"line":17,"column":35},"end":{"line":41,"column":null}},"line":17},"2":{"name":"(anonymous_2)","decl":{"start":{"line":45,"column":28},"end":{"line":45,"column":34}},"loc":{"start":{"line":45,"column":34},"end":{"line":59,"column":null}},"line":45},"3":{"name":"(anonymous_3)","decl":{"start":{"line":95,"column":21},"end":{"line":95,"column":27}},"loc":{"start":{"line":95,"column":27},"end":{"line":95,"column":null}},"line":95},"4":{"name":"(anonymous_4)","decl":{"start":{"line":102,"column":21},"end":{"line":102,"column":27}},"loc":{"start":{"line":102,"column":27},"end":{"line":102,"column":null}},"line":102},"5":{"name":"(anonymous_5)","decl":{"start":{"line":108,"column":21},"end":{"line":108,"column":27}},"loc":{"start":{"line":108,"column":27},"end":{"line":108,"column":null}},"line":108}},"branchMap":{"0":{"loc":{"start":{"line":18,"column":4},"end":{"line":40,"column":null}},"type":"switch","locations":[{"start":{"line":19,"column":6},"end":{"line":25,"column":null}},{"start":{"line":26,"column":6},"end":{"line":32,"column":null}},{"start":{"line":33,"column":6},"end":{"line":39,"column":null}}],"line":18},"1":{"loc":{"start":{"line":46,"column":4},"end":{"line":48,"column":null}},"type":"if","locations":[{"start":{"line":46,"column":4},"end":{"line":48,"column":null}},{"start":{},"end":{}}],"line":46},"2":{"loc":{"start":{"line":50,"column":4},"end":{"line":58,"column":null}},"type":"if","locations":[{"start":{"line":50,"column":4},"end":{"line":58,"column":null}},{"start":{"line":52,"column":4},"end":{"line":58,"column":null}}],"line":50},"3":{"loc":{"start":{"line":51,"column":60},"end":{"line":51,"column":106}},"type":"cond-expr","locations":[{"start":{"line":51,"column":98},"end":{"line":51,"column":104}},{"start":{"line":51,"column":104},"end":{"line":51,"column":106}}],"line":51},"4":{"loc":{"start":{"line":52,"column":4},"end":{"line":58,"column":null}},"type":"if","locations":[{"start":{"line":52,"column":4},"end":{"line":58,"column":null}},{"start":{"line":54,"column":4},"end":{"line":58,"column":null}}],"line":52},"5":{"loc":{"start":{"line":54,"column":4},"end":{"line":58,"column":null}},"type":"if","locations":[{"start":{"line":54,"column":4},"end":{"line":58,"column":null}},{"start":{"line":56,"column":11},"end":{"line":58,"column":null}}],"line":54},"6":{"loc":{"start":{"line":85,"column":15},"end":{"line":85,"column":null}},"type":"binary-expr","locations":[{"start":{"line":85,"column":15},"end":{"line":85,"column":42}},{"start":{"line":85,"column":42},"end":{"line":85,"column":null}}],"line":85},"7":{"loc":{"start":{"line":86,"column":15},"end":{"line":86,"column":null}},"type":"binary-expr","locations":[{"start":{"line":86,"column":15},"end":{"line":86,"column":41}},{"start":{"line":86,"column":41},"end":{"line":86,"column":null}}],"line":86},"8":{"loc":{"start":{"line":87,"column":15},"end":{"line":87,"column":null}},"type":"binary-expr","locations":[{"start":{"line":87,"column":15},"end":{"line":87,"column":39}},{"start":{"line":87,"column":39},"end":{"line":87,"column":null}}],"line":87},"9":{"loc":{"start":{"line":87,"column":39},"end":{"line":87,"column":null}},"type":"cond-expr","locations":[{"start":{"line":87,"column":59},"end":{"line":87,"column":65}},{"start":{"line":87,"column":65},"end":{"line":87,"column":null}}],"line":87}},"s":{"0":1,"1":25,"2":25,"3":25,"4":25,"5":25,"6":3,"7":13,"8":9,"9":25,"10":25,"11":25,"12":1,"13":24,"14":0,"15":24,"16":0,"17":24,"18":0,"19":24,"20":25,"21":0,"22":0,"23":0},"f":{"0":25,"1":25,"2":25,"3":0,"4":0,"5":0},"b":{"0":[3,13,9],"1":[1,24],"2":[0,24],"3":[0,0],"4":[0,24],"5":[0,24],"6":[25,3],"7":[25,13],"8":[25,9],"9":[8,1]},"meta":{"lastBranch":10,"lastFunction":6,"lastStatement":24,"seen":{"s:12:62:117:Infinity":0,"f:12:62:12:63":0,"s:13:8:13:Infinity":1,"s:14:28:14:Infinity":2,"s:15:8:15:Infinity":3,"s:17:29:41:Infinity":4,"f:17:29:17:35":1,"b:19:6:25:Infinity:26:6:32:Infinity:33:6:39:Infinity":0,"s:18:4:40:Infinity":5,"s:20:8:25:Infinity":6,"s:27:8:32:Infinity":7,"s:34:8:39:Infinity":8,"s:43:26:43:Infinity":9,"s:45:28:59:Infinity":10,"f:45:28:45:34":2,"b:46:4:48:Infinity:undefined:undefined:undefined:undefined":1,"s:46:4:48:Infinity":11,"s:47:6:47:Infinity":12,"b:50:4:58:Infinity:52:4:58:Infinity":2,"s:50:4:58:Infinity":13,"s:51:6:51:Infinity":14,"b:51:98:51:104:51:104:51:106":3,"b:52:4:58:Infinity:54:4:58:Infinity":4,"s:52:4:58:Infinity":15,"s:53:6:53:Infinity":16,"b:54:4:58:Infinity:56:11:58:Infinity":5,"s:54:4:58:Infinity":17,"s:55:6:55:Infinity":18,"s:57:6:57:Infinity":19,"s:61:2:115:Infinity":20,"b:85:15:85:42:85:42:85:Infinity":6,"b:86:15:86:41:86:41:86:Infinity":7,"b:87:15:87:39:87:39:87:Infinity":8,"b:87:59:87:65:87:65:87:Infinity":9,"f:95:21:95:27":3,"s:95:27:95:Infinity":21,"f:102:21:102:27":4,"s:102:27:102:Infinity":22,"f:108:21:108:27":5,"s:108:27:108:Infinity":23}}}
,"C:\\Users\\galex_cxlntn4\\CS392\\fridge-tracker\\src\\components\\GeneratedRecipeList.tsx": {"path":"C:\\Users\\galex_cxlntn4\\CS392\\fridge-tracker\\src\\components\\GeneratedRecipeList.tsx","statementMap":{"0":{"start":{"line":9,"column":71},"end":{"line":87,"column":null}},"1":{"start":{"line":10,"column":2},"end":{"line":12,"column":null}},"2":{"start":{"line":11,"column":4},"end":{"line":11,"column":null}},"3":{"start":{"line":14,"column":2},"end":{"line":85,"column":null}},"4":{"start":{"line":28,"column":10},"end":{"line":82,"column":null}},"5":{"start":{"line":33,"column":29},"end":{"line":33,"column":null}},"6":{"start":{"line":60,"column":18},"end":{"line":65,"column":null}},"7":{"start":{"line":76,"column":18},"end":{"line":78,"column":null}}},"fnMap":{"0":{"name":"(anonymous_0)","decl":{"start":{"line":9,"column":71},"end":{"line":9,"column":72}},"loc":{"start":{"line":9,"column":98},"end":{"line":87,"column":null}},"line":9},"1":{"name":"(anonymous_1)","decl":{"start":{"line":27,"column":21},"end":{"line":27,"column":22}},"loc":{"start":{"line":28,"column":10},"end":{"line":82,"column":null}},"line":28},"2":{"name":"(anonymous_2)","decl":{"start":{"line":33,"column":23},"end":{"line":33,"column":29}},"loc":{"start":{"line":33,"column":29},"end":{"line":33,"column":null}},"line":33},"3":{"name":"(anonymous_3)","decl":{"start":{"line":59,"column":40},"end":{"line":59,"column":41}},"loc":{"start":{"line":60,"column":18},"end":{"line":65,"column":null}},"line":60},"4":{"name":"(anonymous_4)","decl":{"start":{"line":75,"column":41},"end":{"line":75,"column":42}},"loc":{"start":{"line":76,"column":18},"end":{"line":78,"column":null}},"line":76}},"branchMap":{"0":{"loc":{"start":{"line":10,"column":2},"end":{"line":12,"column":null}},"type":"if","locations":[{"start":{"line":10,"column":2},"end":{"line":12,"column":null}},{"start":{},"end":{}}],"line":10},"1":{"loc":{"start":{"line":22,"column":28},"end":{"line":22,"column":null}},"type":"cond-expr","locations":[{"start":{"line":22,"column":51},"end":{"line":22,"column":62}},{"start":{"line":22,"column":62},"end":{"line":22,"column":null}}],"line":22}},"s":{"0":1,"1":15,"2":15,"3":0,"4":0,"5":0,"6":0,"7":0},"f":{"0":15,"1":0,"2":0,"3":0,"4":0},"b":{"0":[15,0],"1":[0,0]},"meta":{"lastBranch":2,"lastFunction":5,"lastStatement":8,"seen":{"s:9:71:87:Infinity":0,"f:9:71:9:72":0,"b:10:2:12:Infinity:undefined:undefined:undefined:undefined":0,"s:10:2:12:Infinity":1,"s:11:4:11:Infinity":2,"s:14:2:85:Infinity":3,"b:22:51:22:62:22:62:22:Infinity":1,"f:27:21:27:22":1,"s:28:10:82:Infinity":4,"f:33:23:33:29":2,"s:33:29:33:Infinity":5,"f:59:40:59:41":3,"s:60:18:65:Infinity":6,"f:75:41:75:42":4,"s:76:18:78:Infinity":7}}}
,"C:\\Users\\galex_cxlntn4\\CS392\\fridge-tracker\\src\\components\\ReceiptStatus.tsx": {"path":"C:\\Users\\galex_cxlntn4\\CS392\\fridge-tracker\\src\\components\\ReceiptStatus.tsx","statementMap":{"0":{"start":{"line":15,"column":42},"end":{"line":15,"column":null}},"1":{"start":{"line":16,"column":15},"end":{"line":16,"column":null}},"2":{"start":{"line":18,"column":2},"end":{"line":70,"column":null}},"3":{"start":{"line":19,"column":4},"end":{"line":19,"column":null}},"4":{"start":{"line":19,"column":15},"end":{"line":19,"column":null}},"5":{"start":{"line":21,"column":10},"end":{"line":21,"column":null}},"6":{"start":{"line":22,"column":10},"end":{"line":22,"column":null}},"7":{"start":{"line":25,"column":10},"end":{"line":44,"column":null}},"8":{"start":{"line":26,"column":6},"end":{"line":43,"column":null}},"9":{"start":{"line":27,"column":21},"end":{"line":27,"column":null}},"10":{"start":{"line":28,"column":25},"end":{"line":37,"column":null}},"11":{"start":{"line":29,"column":51},"end":{"line":29,"column":78}},"12":{"start":{"line":30,"column":50},"end":{"line":36,"column":12}},"13":{"start":{"line":39,"column":8},"end":{"line":42,"column":null}},"14":{"start":{"line":40,"column":25},"end":{"line":40,"column":null}},"15":{"start":{"line":40,"column":42},"end":{"line":40,"column":63}},"16":{"start":{"line":41,"column":10},"end":{"line":41,"column":null}},"17":{"start":{"line":47,"column":10},"end":{"line":64,"column":null}},"18":{"start":{"line":48,"column":6},"end":{"line":63,"column":null}},"19":{"start":{"line":49,"column":21},"end":{"line":49,"column":null}},"20":{"start":{"line":50,"column":25},"end":{"line":57,"column":null}},"21":{"start":{"line":51,"column":51},"end":{"line":51,"column":78}},"22":{"start":{"line":52,"column":50},"end":{"line":56,"column":12}},"23":{"start":{"line":59,"column":8},"end":{"line":62,"column":null}},"24":{"start":{"line":60,"column":28},"end":{"line":60,"column":null}},"25":{"start":{"line":60,"column":45},"end":{"line":60,"column":69}},"26":{"start":{"line":61,"column":10},"end":{"line":61,"column":null}},"27":{"start":{"line":66,"column":4},"end":{"line":69,"column":null}},"28":{"start":{"line":67,"column":6},"end":{"line":67,"column":null}},"29":{"start":{"line":68,"column":6},"end":{"line":68,"column":null}},"30":{"start":{"line":72,"column":2},"end":{"line":72,"column":null}},"31":{"start":{"line":72,"column":35},"end":{"line":72,"column":null}},"32":{"start":{"line":74,"column":2},"end":{"line":113,"column":null}},"33":{"start":{"line":79,"column":10},"end":{"line":110,"column":null}}},"fnMap":{"0":{"name":"ReceiptStatus","decl":{"start":{"line":14,"column":24},"end":{"line":14,"column":40}},"loc":{"start":{"line":14,"column":40},"end":{"line":115,"column":null}},"line":14},"1":{"name":"(anonymous_1)","decl":{"start":{"line":18,"column":12},"end":{"line":18,"column":18}},"loc":{"start":{"line":18,"column":18},"end":{"line":70,"column":5}},"line":18},"2":{"name":"(anonymous_2)","decl":{"start":{"line":25,"column":52},"end":{"line":25,"column":53}},"loc":{"start":{"line":25,"column":66},"end":{"line":44,"column":5}},"line":25},"3":{"name":"(anonymous_3)","decl":{"start":{"line":29,"column":18},"end":{"line":29,"column":19}},"loc":{"start":{"line":29,"column":51},"end":{"line":29,"column":78}},"line":29},"4":{"name":"(anonymous_4)","decl":{"start":{"line":30,"column":15},"end":{"line":30,"column":16}},"loc":{"start":{"line":30,"column":50},"end":{"line":36,"column":12}},"line":30},"5":{"name":"(anonymous_5)","decl":{"start":{"line":39,"column":26},"end":{"line":39,"column":34}},"loc":{"start":{"line":39,"column":34},"end":{"line":42,"column":9}},"line":39},"6":{"name":"(anonymous_6)","decl":{"start":{"line":40,"column":37},"end":{"line":40,"column":42}},"loc":{"start":{"line":40,"column":42},"end":{"line":40,"column":63}},"line":40},"7":{"name":"(anonymous_7)","decl":{"start":{"line":47,"column":46},"end":{"line":47,"column":47}},"loc":{"start":{"line":47,"column":60},"end":{"line":64,"column":5}},"line":47},"8":{"name":"(anonymous_8)","decl":{"start":{"line":51,"column":18},"end":{"line":51,"column":19}},"loc":{"start":{"line":51,"column":51},"end":{"line":51,"column":78}},"line":51},"9":{"name":"(anonymous_9)","decl":{"start":{"line":52,"column":15},"end":{"line":52,"column":16}},"loc":{"start":{"line":52,"column":50},"end":{"line":56,"column":12}},"line":52},"10":{"name":"(anonymous_10)","decl":{"start":{"line":59,"column":26},"end":{"line":59,"column":34}},"loc":{"start":{"line":59,"column":34},"end":{"line":62,"column":9}},"line":59},"11":{"name":"(anonymous_11)","decl":{"start":{"line":60,"column":40},"end":{"line":60,"column":45}},"loc":{"start":{"line":60,"column":45},"end":{"line":60,"column":69}},"line":60},"12":{"name":"(anonymous_12)","decl":{"start":{"line":66,"column":11},"end":{"line":66,"column":17}},"loc":{"start":{"line":66,"column":17},"end":{"line":69,"column":null}},"line":66},"13":{"name":"(anonymous_13)","decl":{"start":{"line":78,"column":28},"end":{"line":78,"column":29}},"loc":{"start":{"line":79,"column":10},"end":{"line":110,"column":null}},"line":79}},"branchMap":{"0":{"loc":{"start":{"line":19,"column":4},"end":{"line":19,"column":null}},"type":"if","locations":[{"start":{"line":19,"column":4},"end":{"line":19,"column":null}},{"start":{},"end":{}}],"line":19},"1":{"loc":{"start":{"line":26,"column":6},"end":{"line":43,"column":null}},"type":"if","locations":[{"start":{"line":26,"column":6},"end":{"line":43,"column":null}},{"start":{},"end":{}}],"line":26},"2":{"loc":{"start":{"line":48,"column":6},"end":{"line":63,"column":null}},"type":"if","locations":[{"start":{"line":48,"column":6},"end":{"line":63,"column":null}},{"start":{},"end":{}}],"line":48},"3":{"loc":{"start":{"line":72,"column":2},"end":{"line":72,"column":null}},"type":"if","locations":[{"start":{"line":72,"column":2},"end":{"line":72,"column":null}},{"start":{},"end":{}}],"line":72},"4":{"loc":{"start":{"line":82,"column":14},"end":{"line":86,"column":null}},"type":"cond-expr","locations":[{"start":{"line":83,"column":18},"end":{"line":83,"column":null}},{"start":{"line":84,"column":18},"end":{"line":86,"column":null}}],"line":82},"5":{"loc":{"start":{"line":84,"column":18},"end":{"line":86,"column":null}},"type":"cond-expr","locations":[{"start":{"line":85,"column":18},"end":{"line":85,"column":null}},{"start":{"line":86,"column":18},"end":{"line":86,"column":null}}],"line":84},"6":{"loc":{"start":{"line":89,"column":13},"end":{"line":102,"column":null}},"type":"binary-expr","locations":[{"start":{"line":89,"column":13},"end":{"line":89,"column":null}},{"start":{"line":90,"column":14},"end":{"line":102,"column":null}}],"line":89},"7":{"loc":{"start":{"line":95,"column":19},"end":{"line":98,"column":null}},"type":"binary-expr","locations":[{"start":{"line":95,"column":19},"end":{"line":95,"column":null}},{"start":{"line":96,"column":20},"end":{"line":98,"column":null}}],"line":95},"8":{"loc":{"start":{"line":104,"column":13},"end":{"line":108,"column":null}},"type":"binary-expr","locations":[{"start":{"line":104,"column":13},"end":{"line":104,"column":null}},{"start":{"line":105,"column":14},"end":{"line":108,"column":null}}],"line":104}},"s":{"0":15,"1":15,"2":15,"3":5,"4":0,"5":5,"6":5,"7":5,"8":5,"9":4,"10":4,"11":8,"12":0,"13":4,"14":4,"15":0,"16":4,"17":5,"18":5,"19":4,"20":4,"21":8,"22":0,"23":4,"24":4,"25":0,"26":4,"27":5,"28":5,"29":5,"30":15,"31":15,"32":0,"33":0},"f":{"0":15,"1":5,"2":5,"3":8,"4":0,"5":4,"6":0,"7":5,"8":8,"9":0,"10":4,"11":0,"12":5,"13":0},"b":{"0":[0,5],"1":[4,1],"2":[4,1],"3":[15,0],"4":[0,0],"5":[0,0],"6":[0,0],"7":[0,0],"8":[0,0]},"meta":{"lastBranch":9,"lastFunction":14,"lastStatement":34,"seen":{"f:14:24:14:40":0,"s:15:42:15:Infinity":0,"s:16:15:16:Infinity":1,"s:18:2:70:Infinity":2,"f:18:12:18:18":1,"b:19:4:19:Infinity:undefined:undefined:undefined:undefined":0,"s:19:4:19:Infinity":3,"s:19:15:19:Infinity":4,"s:21:10:21:Infinity":5,"s:22:10:22:Infinity":6,"s:25:10:44:Infinity":7,"f:25:52:25:53":2,"b:26:6:43:Infinity:undefined:undefined:undefined:undefined":1,"s:26:6:43:Infinity":8,"s:27:21:27:Infinity":9,"s:28:25:37:Infinity":10,"f:29:18:29:19":3,"s:29:51:29:78":11,"f:30:15:30:16":4,"s:30:50:36:12":12,"s:39:8:42:Infinity":13,"f:39:26:39:34":5,"s:40:25:40:Infinity":14,"f:40:37:40:42":6,"s:40:42:40:63":15,"s:41:10:41:Infinity":16,"s:47:10:64:Infinity":17,"f:47:46:47:47":7,"b:48:6:63:Infinity:undefined:undefined:undefined:undefined":2,"s:48:6:63:Infinity":18,"s:49:21:49:Infinity":19,"s:50:25:57:Infinity":20,"f:51:18:51:19":8,"s:51:51:51:78":21,"f:52:15:52:16":9,"s:52:50:56:12":22,"s:59:8:62:Infinity":23,"f:59:26:59:34":10,"s:60:28:60:Infinity":24,"f:60:40:60:45":11,"s:60:45:60:69":25,"s:61:10:61:Infinity":26,"s:66:4:69:Infinity":27,"f:66:11:66:17":12,"s:67:6:67:Infinity":28,"s:68:6:68:Infinity":29,"b:72:2:72:Infinity:undefined:undefined:undefined:undefined":3,"s:72:2:72:Infinity":30,"s:72:35:72:Infinity":31,"s:74:2:113:Infinity":32,"f:78:28:78:29":13,"s:79:10:110:Infinity":33,"b:83:18:83:Infinity:84:18:86:Infinity":4,"b:85:18:85:Infinity:86:18:86:Infinity":5,"b:89:13:89:Infinity:90:14:102:Infinity":6,"b:95:19:95:Infinity:96:20:98:Infinity":7,"b:104:13:104:Infinity:105:14:108:Infinity":8}}}
,"C:\\Users\\galex_cxlntn4\\CS392\\fridge-tracker\\src\\components\\ReceiptUpload.tsx": {"path":"C:\\Users\\galex_cxlntn4\\CS392\\fridge-tracker\\src\\components\\ReceiptUpload.tsx","statementMap":{"0":{"start":{"line":15,"column":36},"end":{"line":15,"column":null}},"1":{"start":{"line":16,"column":42},"end":{"line":16,"column":null}},"2":{"start":{"line":17,"column":34},"end":{"line":17,"column":null}},"3":{"start":{"line":18,"column":38},"end":{"line":18,"column":null}},"4":{"start":{"line":19,"column":8},"end":{"line":19,"column":null}},"5":{"start":{"line":20,"column":15},"end":{"line":20,"column":null}},"6":{"start":{"line":22,"column":2},"end":{"line":27,"column":null}},"7":{"start":{"line":23,"column":4},"end":{"line":23,"column":null}},"8":{"start":{"line":24,"column":4},"end":{"line":24,"column":null}},"9":{"start":{"line":25,"column":4},"end":{"line":25,"column":null}},"10":{"start":{"line":26,"column":4},"end":{"line":26,"column":null}},"11":{"start":{"line":29,"column":27},"end":{"line":44,"column":null}},"12":{"start":{"line":30,"column":17},"end":{"line":30,"column":null}},"13":{"start":{"line":31,"column":4},"end":{"line":31,"column":null}},"14":{"start":{"line":32,"column":4},"end":{"line":32,"column":null}},"15":{"start":{"line":32,"column":15},"end":{"line":32,"column":null}},"16":{"start":{"line":35,"column":4},"end":{"line":35,"column":null}},"17":{"start":{"line":38,"column":19},"end":{"line":38,"column":null}},"18":{"start":{"line":39,"column":4},"end":{"line":42,"column":null}},"19":{"start":{"line":40,"column":6},"end":{"line":40,"column":null}},"20":{"start":{"line":41,"column":6},"end":{"line":41,"column":null}},"21":{"start":{"line":43,"column":4},"end":{"line":43,"column":null}},"22":{"start":{"line":46,"column":23},"end":{"line":92,"column":null}},"23":{"start":{"line":47,"column":4},"end":{"line":47,"column":null}},"24":{"start":{"line":48,"column":4},"end":{"line":48,"column":null}},"25":{"start":{"line":49,"column":4},"end":{"line":49,"column":null}},"26":{"start":{"line":51,"column":4},"end":{"line":54,"column":null}},"27":{"start":{"line":52,"column":6},"end":{"line":52,"column":null}},"28":{"start":{"line":53,"column":6},"end":{"line":53,"column":null}},"29":{"start":{"line":56,"column":4},"end":{"line":56,"column":null}},"30":{"start":{"line":57,"column":4},"end":{"line":57,"column":null}},"31":{"start":{"line":58,"column":4},"end":{"line":58,"column":null}},"32":{"start":{"line":59,"column":4},"end":{"line":59,"column":null}},"33":{"start":{"line":61,"column":4},"end":{"line":91,"column":null}},"34":{"start":{"line":63,"column":6},"end":{"line":63,"column":null}},"35":{"start":{"line":64,"column":23},"end":{"line":64,"column":null}},"36":{"start":{"line":65,"column":6},"end":{"line":65,"column":null}},"37":{"start":{"line":66,"column":6},"end":{"line":66,"column":null}},"38":{"start":{"line":69,"column":6},"end":{"line":69,"column":null}},"39":{"start":{"line":70,"column":24},"end":{"line":70,"column":null}},"40":{"start":{"line":71,"column":6},"end":{"line":71,"column":null}},"41":{"start":{"line":72,"column":6},"end":{"line":72,"column":null}},"42":{"start":{"line":75,"column":6},"end":{"line":83,"column":null}},"43":{"start":{"line":76,"column":8},"end":{"line":76,"column":null}},"44":{"start":{"line":77,"column":8},"end":{"line":77,"column":null}},"45":{"start":{"line":78,"column":8},"end":{"line":78,"column":null}},"46":{"start":{"line":79,"column":8},"end":{"line":79,"column":null}},"47":{"start":{"line":80,"column":8},"end":{"line":80,"column":null}},"48":{"start":{"line":81,"column":8},"end":{"line":81,"column":null}},"49":{"start":{"line":81,"column":34},"end":{"line":81,"column":null}},"50":{"start":{"line":82,"column":8},"end":{"line":82,"column":null}},"51":{"start":{"line":86,"column":6},"end":{"line":86,"column":null}},"52":{"start":{"line":87,"column":27},"end":{"line":87,"column":null}},"53":{"start":{"line":88,"column":6},"end":{"line":88,"column":null}},"54":{"start":{"line":89,"column":6},"end":{"line":89,"column":null}},"55":{"start":{"line":90,"column":6},"end":{"line":90,"column":null}},"56":{"start":{"line":94,"column":23},"end":{"line":98,"column":null}},"57":{"start":{"line":95,"column":4},"end":{"line":95,"column":null}},"58":{"start":{"line":96,"column":4},"end":{"line":96,"column":null}},"59":{"start":{"line":97,"column":4},"end":{"line":97,"column":null}},"60":{"start":{"line":97,"column":30},"end":{"line":97,"column":null}},"61":{"start":{"line":100,"column":2},"end":{"line":176,"column":null}}},"fnMap":{"0":{"name":"ReceiptUpload","decl":{"start":{"line":10,"column":24},"end":{"line":10,"column":38}},"loc":{"start":{"line":14,"column":23},"end":{"line":178,"column":null}},"line":14},"1":{"name":"(anonymous_1)","decl":{"start":{"line":22,"column":12},"end":{"line":22,"column":18}},"loc":{"start":{"line":22,"column":18},"end":{"line":27,"column":5}},"line":22},"2":{"name":"(anonymous_2)","decl":{"start":{"line":29,"column":27},"end":{"line":29,"column":28}},"loc":{"start":{"line":29,"column":75},"end":{"line":44,"column":null}},"line":29},"3":{"name":"(anonymous_3)","decl":{"start":{"line":39,"column":20},"end":{"line":39,"column":21}},"loc":{"start":{"line":39,"column":27},"end":{"line":42,"column":null}},"line":39},"4":{"name":"(anonymous_4)","decl":{"start":{"line":46,"column":23},"end":{"line":46,"column":35}},"loc":{"start":{"line":46,"column":35},"end":{"line":92,"column":null}},"line":46},"5":{"name":"(anonymous_5)","decl":{"start":{"line":75,"column":17},"end":{"line":75,"column":23}},"loc":{"start":{"line":75,"column":23},"end":{"line":83,"column":9}},"line":75},"6":{"name":"(anonymous_6)","decl":{"start":{"line":94,"column":23},"end":{"line":94,"column":29}},"loc":{"start":{"line":94,"column":29},"end":{"line":98,"column":null}},"line":94}},"branchMap":{"0":{"loc":{"start":{"line":32,"column":4},"end":{"line":32,"column":null}},"type":"if","locations":[{"start":{"line":32,"column":4},"end":{"line":32,"column":null}},{"start":{},"end":{}}],"line":32},"1":{"loc":{"start":{"line":51,"column":4},"end":{"line":54,"column":null}},"type":"if","locations":[{"start":{"line":51,"column":4},"end":{"line":54,"column":null}},{"start":{},"end":{}}],"line":51},"2":{"loc":{"start":{"line":51,"column":8},"end":{"line":51,"column":32}},"type":"binary-expr","locations":[{"start":{"line":51,"column":8},"end":{"line":51,"column":25}},{"start":{"line":51,"column":25},"end":{"line":51,"column":32}}],"line":51},"3":{"loc":{"start":{"line":81,"column":8},"end":{"line":81,"column":null}},"type":"if","locations":[{"start":{"line":81,"column":8},"end":{"line":81,"column":null}},{"start":{},"end":{}}],"line":81},"4":{"loc":{"start":{"line":87,"column":27},"end":{"line":87,"column":null}},"type":"cond-expr","locations":[{"start":{"line":87,"column":52},"end":{"line":87,"column":68}},{"start":{"line":87,"column":68},"end":{"line":87,"column":null}}],"line":87},"5":{"loc":{"start":{"line":97,"column":4},"end":{"line":97,"column":null}},"type":"if","locations":[{"start":{"line":97,"column":4},"end":{"line":97,"column":null}},{"start":{},"end":{}}],"line":97},"6":{"loc":{"start":{"line":106,"column":7},"end":{"line":174,"column":null}},"type":"cond-expr","locations":[{"start":{"line":107,"column":8},"end":{"line":138,"column":null}},{"start":{"line":140,"column":8},"end":{"line":174,"column":null}}],"line":106},"7":{"loc":{"start":{"line":151,"column":11},"end":{"line":154,"column":null}},"type":"binary-expr","locations":[{"start":{"line":151,"column":11},"end":{"line":151,"column":null}},{"start":{"line":152,"column":12},"end":{"line":154,"column":null}}],"line":151},"8":{"loc":{"start":{"line":164,"column":15},"end":{"line":164,"column":null}},"type":"cond-expr","locations":[{"start":{"line":164,"column":29},"end":{"line":164,"column":47}},{"start":{"line":164,"column":47},"end":{"line":164,"column":null}}],"line":164}},"s":{"0":25,"1":25,"2":25,"3":25,"4":25,"5":25,"6":25,"7":5,"8":5,"9":5,"10":5,"11":25,"12":2,"13":2,"14":2,"15":0,"16":2,"17":2,"18":2,"19":2,"20":2,"21":2,"22":25,"23":2,"24":2,"25":2,"26":2,"27":0,"28":0,"29":2,"30":2,"31":2,"32":2,"33":2,"34":2,"35":2,"36":2,"37":2,"38":2,"39":2,"40":2,"41":2,"42":2,"43":0,"44":0,"45":0,"46":0,"47":0,"48":0,"49":0,"50":0,"51":0,"52":0,"53":0,"54":0,"55":0,"56":25,"57":0,"58":0,"59":0,"60":0,"61":25},"f":{"0":25,"1":5,"2":2,"3":2,"4":2,"5":0,"6":0},"b":{"0":[0,2],"1":[0,2],"2":[2,2],"3":[0,0],"4":[0,0],"5":[0,0],"6":[15,10],"7":[10,8],"8":[8,2]},"meta":{"lastBranch":9,"lastFunction":7,"lastStatement":62,"seen":{"f:10:24:10:38":0,"s:15:36:15:Infinity":0,"s:16:42:16:Infinity":1,"s:17:34:17:Infinity":2,"s:18:38:18:Infinity":3,"s:19:8:19:Infinity":4,"s:20:15:20:Infinity":5,"s:22:2:27:Infinity":6,"f:22:12:22:18":1,"s:23:4:23:Infinity":7,"s:24:4:24:Infinity":8,"s:25:4:25:Infinity":9,"s:26:4:26:Infinity":10,"s:29:27:44:Infinity":11,"f:29:27:29:28":2,"s:30:17:30:Infinity":12,"s:31:4:31:Infinity":13,"b:32:4:32:Infinity:undefined:undefined:undefined:undefined":0,"s:32:4:32:Infinity":14,"s:32:15:32:Infinity":15,"s:35:4:35:Infinity":16,"s:38:19:38:Infinity":17,"s:39:4:42:Infinity":18,"f:39:20:39:21":3,"s:40:6:40:Infinity":19,"s:41:6:41:Infinity":20,"s:43:4:43:Infinity":21,"s:46:23:92:Infinity":22,"f:46:23:46:35":4,"s:47:4:47:Infinity":23,"s:48:4:48:Infinity":24,"s:49:4:49:Infinity":25,"b:51:4:54:Infinity:undefined:undefined:undefined:undefined":1,"s:51:4:54:Infinity":26,"b:51:8:51:25:51:25:51:32":2,"s:52:6:52:Infinity":27,"s:53:6:53:Infinity":28,"s:56:4:56:Infinity":29,"s:57:4:57:Infinity":30,"s:58:4:58:Infinity":31,"s:59:4:59:Infinity":32,"s:61:4:91:Infinity":33,"s:63:6:63:Infinity":34,"s:64:23:64:Infinity":35,"s:65:6:65:Infinity":36,"s:66:6:66:Infinity":37,"s:69:6:69:Infinity":38,"s:70:24:70:Infinity":39,"s:71:6:71:Infinity":40,"s:72:6:72:Infinity":41,"s:75:6:83:Infinity":42,"f:75:17:75:23":5,"s:76:8:76:Infinity":43,"s:77:8:77:Infinity":44,"s:78:8:78:Infinity":45,"s:79:8:79:Infinity":46,"s:80:8:80:Infinity":47,"b:81:8:81:Infinity:undefined:undefined:undefined:undefined":3,"s:81:8:81:Infinity":48,"s:81:34:81:Infinity":49,"s:82:8:82:Infinity":50,"s:86:6:86:Infinity":51,"s:87:27:87:Infinity":52,"b:87:52:87:68:87:68:87:Infinity":4,"s:88:6:88:Infinity":53,"s:89:6:89:Infinity":54,"s:90:6:90:Infinity":55,"s:94:23:98:Infinity":56,"f:94:23:94:29":6,"s:95:4:95:Infinity":57,"s:96:4:96:Infinity":58,"b:97:4:97:Infinity:undefined:undefined:undefined:undefined":5,"s:97:4:97:Infinity":59,"s:97:30:97:Infinity":60,"s:100:2:176:Infinity":61,"b:107:8:138:Infinity:140:8:174:Infinity":6,"b:151:11:151:Infinity:152:12:154:Infinity":7,"b:164:29:164:47:164:47:164:Infinity":8}}}
,"C:\\Users\\galex_cxlntn4\\CS392\\fridge-tracker\\src\\components\\RecipeGenerator.tsx": {"path":"C:\\Users\\galex_cxlntn4\\CS392\\fridge-tracker\\src\\components\\RecipeGenerator.tsx","statementMap":{"0":{"start":{"line":10,"column":63},"end":{"line":153,"column":null}},"1":{"start":{"line":11,"column":52},"end":{"line":11,"column":null}},"2":{"start":{"line":12,"column":38},"end":{"line":12,"column":null}},"3":{"start":{"line":13,"column":24},"end":{"line":13,"column":null}},"4":{"start":{"line":14,"column":38},"end":{"line":14,"column":null}},"5":{"start":{"line":16,"column":33},"end":{"line":24,"column":null}},"6":{"start":{"line":17,"column":24},"end":{"line":17,"column":null}},"7":{"start":{"line":18,"column":4},"end":{"line":22,"column":null}},"8":{"start":{"line":19,"column":6},"end":{"line":19,"column":null}},"9":{"start":{"line":21,"column":6},"end":{"line":21,"column":null}},"10":{"start":{"line":23,"column":4},"end":{"line":23,"column":null}},"11":{"start":{"line":26,"column":25},"end":{"line":72,"column":null}},"12":{"start":{"line":27,"column":4},"end":{"line":30,"column":null}},"13":{"start":{"line":28,"column":6},"end":{"line":28,"column":null}},"14":{"start":{"line":29,"column":6},"end":{"line":29,"column":null}},"15":{"start":{"line":32,"column":4},"end":{"line":32,"column":null}},"16":{"start":{"line":33,"column":4},"end":{"line":33,"column":null}},"17":{"start":{"line":35,"column":4},"end":{"line":71,"column":null}},"18":{"start":{"line":36,"column":31},"end":{"line":36,"column":null}},"19":{"start":{"line":37,"column":25},"end":{"line":37,"column":null}},"20":{"start":{"line":40,"column":29},"end":{"line":47,"column":null}},"21":{"start":{"line":49,"column":6},"end":{"line":49,"column":null}},"22":{"start":{"line":52,"column":6},"end":{"line":52,"column":null}},"23":{"start":{"line":53,"column":6},"end":{"line":53,"column":null}},"24":{"start":{"line":55,"column":6},"end":{"line":55,"column":null}},"25":{"start":{"line":58,"column":25},"end":{"line":58,"column":null}},"26":{"start":{"line":60,"column":6},"end":{"line":66,"column":null}},"27":{"start":{"line":61,"column":8},"end":{"line":61,"column":null}},"28":{"start":{"line":62,"column":6},"end":{"line":66,"column":null}},"29":{"start":{"line":63,"column":8},"end":{"line":63,"column":null}},"30":{"start":{"line":64,"column":6},"end":{"line":66,"column":null}},"31":{"start":{"line":65,"column":8},"end":{"line":65,"column":null}},"32":{"start":{"line":68,"column":6},"end":{"line":68,"column":null}},"33":{"start":{"line":70,"column":6},"end":{"line":70,"column":null}},"34":{"start":{"line":74,"column":2},"end":{"line":76,"column":null}},"35":{"start":{"line":75,"column":4},"end":{"line":75,"column":null}},"36":{"start":{"line":78,"column":2},"end":{"line":151,"column":null}},"37":{"start":{"line":87,"column":27},"end":{"line":87,"column":null}},"38":{"start":{"line":103,"column":16},"end":{"line":114,"column":null}},"39":{"start":{"line":110,"column":36},"end":{"line":110,"column":null}},"40":{"start":{"line":139,"column":16},"end":{"line":139,"column":null}},"41":{"start":{"line":140,"column":16},"end":{"line":140,"column":null}},"42":{"start":{"line":141,"column":16},"end":{"line":141,"column":null}}},"fnMap":{"0":{"name":"(anonymous_0)","decl":{"start":{"line":10,"column":63},"end":{"line":10,"column":64}},"loc":{"start":{"line":10,"column":97},"end":{"line":153,"column":null}},"line":10},"1":{"name":"(anonymous_1)","decl":{"start":{"line":16,"column":33},"end":{"line":16,"column":34}},"loc":{"start":{"line":16,"column":57},"end":{"line":24,"column":null}},"line":16},"2":{"name":"(anonymous_2)","decl":{"start":{"line":26,"column":25},"end":{"line":26,"column":37}},"loc":{"start":{"line":26,"column":37},"end":{"line":72,"column":null}},"line":26},"3":{"name":"(anonymous_3)","decl":{"start":{"line":87,"column":21},"end":{"line":87,"column":27}},"loc":{"start":{"line":87,"column":27},"end":{"line":87,"column":null}},"line":87},"4":{"name":"(anonymous_4)","decl":{"start":{"line":102,"column":25},"end":{"line":102,"column":26}},"loc":{"start":{"line":103,"column":16},"end":{"line":114,"column":null}},"line":103},"5":{"name":"(anonymous_5)","decl":{"start":{"line":110,"column":30},"end":{"line":110,"column":36}},"loc":{"start":{"line":110,"column":36},"end":{"line":110,"column":null}},"line":110},"6":{"name":"(anonymous_6)","decl":{"start":{"line":138,"column":23},"end":{"line":138,"column":29}},"loc":{"start":{"line":138,"column":29},"end":{"line":142,"column":null}},"line":138}},"branchMap":{"0":{"loc":{"start":{"line":18,"column":4},"end":{"line":22,"column":null}},"type":"if","locations":[{"start":{"line":18,"column":4},"end":{"line":22,"column":null}},{"start":{"line":20,"column":11},"end":{"line":22,"column":null}}],"line":18},"1":{"loc":{"start":{"line":27,"column":4},"end":{"line":30,"column":null}},"type":"if","locations":[{"start":{"line":27,"column":4},"end":{"line":30,"column":null}},{"start":{},"end":{}}],"line":27},"2":{"loc":{"start":{"line":60,"column":6},"end":{"line":66,"column":null}},"type":"if","locations":[{"start":{"line":60,"column":6},"end":{"line":66,"column":null}},{"start":{"line":62,"column":6},"end":{"line":66,"column":null}}],"line":60},"3":{"loc":{"start":{"line":60,"column":10},"end":{"line":60,"column":85}},"type":"binary-expr","locations":[{"start":{"line":60,"column":10},"end":{"line":60,"column":40}},{"start":{"line":60,"column":40},"end":{"line":60,"column":85}}],"line":60},"4":{"loc":{"start":{"line":62,"column":6},"end":{"line":66,"column":null}},"type":"if","locations":[{"start":{"line":62,"column":6},"end":{"line":66,"column":null}},{"start":{"line":64,"column":6},"end":{"line":66,"column":null}}],"line":62},"5":{"loc":{"start":{"line":64,"column":6},"end":{"line":66,"column":null}},"type":"if","locations":[{"start":{"line":64,"column":6},"end":{"line":66,"column":null}},{"start":{},"end":{}}],"line":64},"6":{"loc":{"start":{"line":74,"column":2},"end":{"line":76,"column":null}},"type":"if","locations":[{"start":{"line":74,"column":2},"end":{"line":76,"column":null}},{"start":{},"end":{}}],"line":74},"7":{"loc":{"start":{"line":85,"column":9},"end":{"line":91,"column":null}},"type":"binary-expr","locations":[{"start":{"line":85,"column":9},"end":{"line":85,"column":null}},{"start":{"line":86,"column":10},"end":{"li
[...]
,"C:\\Users\\galex_cxlntn4\\CS392\\fridge-tracker\\src\\components\\banner.tsx": {"path":"C:\\Users\\galex_cxlntn4\\CS392\\fridge-tracker\\src\\components\\banner.tsx","statementMap":{"0":{"start":{"line":3,"column":22},"end":{"line":23,"column":null}},"1":{"start":{"line":4,"column":15},"end":{"line":4,"column":null}},"2":{"start":{"line":6,"column":2},"end":{"line":21,"column":null}}},"fnMap":{"0":{"name":"(anonymous_0)","decl":{"start":{"line":3,"column":22},"end":{"line":3,"column":28}},"loc":{"start":{"line":3,"column":28},"end":{"line":23,"column":null}},"line":3}},"branchMap":{"0":{"loc":{"start":{"line":10,"column":16},"end":{"line":10,"column":51}},"type":"cond-expr","locations":[{"start":{"line":10,"column":23},"end":{"line":10,"column":42}},{"start":{"line":10,"column":42},"end":{"line":10,"column":51}}],"line":10},"1":{"loc":{"start":{"line":14,"column":12},"end":{"line":16,"column":null}},"type":"cond-expr","locations":[{"start":{"line":15,"column":14},"end":{"line":15,"column":null}},{"start":{"line":16,"column":14},"end":{"line":16,"column":null}}],"line":14}},"s":{"0":1,"1":15,"2":15},"f":{"0":15},"b":{"0":[15,0],"1":[15,0]},"meta":{"lastBranch":2,"lastFunction":1,"lastStatement":3,"seen":{"s:3:22:23:Infinity":0,"f:3:22:3:28":0,"s:4:15:4:Infinity":1,"s:6:2:21:Infinity":2,"b:10:23:10:42:10:42:10:51":0,"b:15:14:15:Infinity:16:14:16:Infinity":1}}}
,"C:\\Users\\galex_cxlntn4\\CS392\\fridge-tracker\\src\\constants\\itemOptions.ts": {"path":"C:\\Users\\galex_cxlntn4\\CS392\\fridge-tracker\\src\\constants\\itemOptions.ts","statementMap":{"0":{"start":{"line":1,"column":26},"end":{"line":1,"column":null}},"1":{"start":{"line":2,"column":21},"end":{"line":2,"column":null}}},"fnMap":{},"branchMap":{},"s":{"0":1,"1":1},"f":{},"b":{},"meta":{"lastBranch":0,"lastFunction":0,"lastStatement":2,"seen":{"s:1:26:1:Infinity":0,"s:2:21:2:Infinity":1}}}
,"C:\\Users\\galex_cxlntn4\\CS392\\fridge-tracker\\src\\utils\\dateUtils.ts": {"path":"C:\\Users\\galex_cxlntn4\\CS392\\fridge-tracker\\src\\utils\\dateUtils.ts","statementMap":{"0":{"start":{"line":3,"column":44},"end":{"line":19,"column":null}},"1":{"start":{"line":4,"column":2},"end":{"line":6,"column":null}},"2":{"start":{"line":5,"column":4},"end":{"line":5,"column":null}},"3":{"start":{"line":8,"column":16},"end":{"line":8,"column":null}},"4":{"start":{"line":9,"column":2},"end":{"line":9,"column":null}},"5":{"start":{"line":11,"column":17},"end":{"line":11,"column":null}},"6":{"start":{"line":12,"column":2},"end":{"line":14,"column":null}},"7":{"start":{"line":13,"column":4},"end":{"line":13,"column":null}},"8":{"start":{"line":15,"column":2},"end":{"line":15,"column":null}},"9":{"start":{"line":17,"column":19},"end":{"line":17,"column":null}},"10":{"start":{"line":18,"column":2},"end":{"line":18,"column":null}},"11":{"start":{"line":21,"column":37},"end":{"line":27,"column":null}},"12":{"start":{"line":22,"column":2},"end":{"line":22,"column":null}},"13":{"start":{"line":22,"column":45},"end":{"line":22,"column":null}},"14":{"start":{"line":23,"column":2},"end":{"line":23,"column":null}},"15":{"start":{"line":23,"column":31},"end":{"line":23,"column":null}},"16":{"start":{"line":24,"column":2},"end":{"line":24,"column":null}},"17":{"start":{"line":24,"column":32},"end":{"line":24,"column":null}},"18":{"start":{"line":25,"column":2},"end":{"line":25,"column":null}},"19":{"start":{"line":25,"column":32},"end":{"line":25,"column":null}},"20":{"start":{"line":26,"column":2},"end":{"line":26,"column":null}},"21":{"start":{"line":29,"column":37},"end":{"line":46,"column":null}},"22":{"start":{"line":30,"column":2},"end":{"line":45,"column":null}},"23":{"start":{"line":32,"column":34},"end":{"line":32,"column":null}},"24":{"start":{"line":33,"column":23},"end":{"line":33,"column":null}},"25":{"start":{"line":34,"column":6},"end":{"line":38,"column":null}},"26":{"start":{"line":42,"column":8},"end":{"line":43,"column":null}},"27":{"start":{"line":45,"column":20},"end":{"line":45,"column":65}},"28":{"start":{"line":48,"column":26},"end":{"line":54,"column":null}},"29":{"start":{"line":49,"column":2},"end":{"line":53,"column":null}},"30":{"start":{"line":56,"column":25},"end":{"line":59,"column":null}},"31":{"start":{"line":57,"column":2},"end":{"line":57,"column":null}},"32":{"start":{"line":57,"column":23},"end":{"line":57,"column":null}},"33":{"start":{"line":58,"column":2},"end":{"line":58,"column":null}},"34":{"start":{"line":61,"column":30},"end":{"line":65,"column":null}},"35":{"start":{"line":62,"column":2},"end":{"line":62,"column":null}},"36":{"start":{"line":62,"column":23},"end":{"line":62,"column":null}},"37":{"start":{"line":63,"column":15},"end":{"line":63,"column":null}},"38":{"start":{"line":64,"column":2},"end":{"line":64,"column":null}}},"fnMap":{"0":{"name":"(anonymous_0)","decl":{"start":{"line":3,"column":44},"end":{"line":3,"column":45}},"loc":{"start":{"line":3,"column":86},"end":{"line":19,"column":null}},"line":3},"1":{"name":"(anonymous_1)","decl":{"start":{"line":21,"column":37},"end":{"line":21,"column":38}},"loc":{"start":{"line":21,"column":103},"end":{"line":27,"column":null}},"line":21},"2":{"name":"(anonymous_2)","decl":{"start":{"line":29,"column":37},"end":{"line":29,"column":38}},"loc":{"start":{"line":29,"column":83},"end":{"line":46,"column":null}},"line":29},"3":{"name":"(anonymous_3)","decl":{"start":{"line":31,"column":9},"end":{"line":31,"column":17}},"loc":{"start":{"line":31,"column":17},"end":{"line":39,"column":5}},"line":31},"4":{"name":"(anonymous_4)","decl":{"start":{"line":41,"column":6},"end":{"line":41,"column":null}},"loc":{"start":{"line":42,"column":8},"end":{"line":43,"column":null}},"line":42},"5":{"name":"(anonymous_5)","decl":{"start":{"line":45,"column":10},"end":{"line":45,"column":11}},"loc":{"start":{"line":45,"column":20},"end":{"line":45,"column":65}},"line":45},"6":{"name":"(anonymous_6)","decl":{"start":{"line":48,"column":26},"end":{"line":48,"column":27}},"loc":{"start":{"line":48,"column":50},"end":{"line":54,"column":null}},"line":48},"7":{"name":"(anonymous_7)","decl":{"start":{"line":56,"column":25},"end":{"line":56,"column":26}},"loc":{"start":{"line":56,"column":68},"end":{"line":59,"column":null}},"line":56},"8":{"name":"(anonymous_8)","decl":{"start":{"line":61,"column":30},"end":{"line":61,"column":31}},"loc":{"start":{"line":61,"column":73},"end":{"line":65,"column":null}},"line":61}},"branchMap":{"0":{"loc":{"start":{"line":4,"column":2},"end":{"line":6,"column":null}},"type":"if","locations":[{"start":{"line":4,"column":2},"end":{"line":6,"column":null}},{"start":{},"end":{}}],"line":4},"1":{"loc":{"start":{"line":12,"column":2},"end":{"line":14,"column":null}},"type":"if","locations":[{"start":{"line":12,"column":2},"end":{"line":14,"column":null}},{"start":{},"end":{}}],"line":12},"2":{"loc":{"start":{"line":22,"column":2},"end":{"line":22,"column":null}},"type":"if","locations":[{"start":{"line":22,"column":2},"end":{"line":22,"column":null}},{"start":{},"end":{}}],"line":22},"3":{"loc":{"start":{"line":23,"column":2},"end":{"line":23,"column":null}},"type":"if","locations":[{"start":{"line":23,"column":2},"end":{"line":23,"column":null}},{"start":{},"end":{}}],"line":23},"4":{"loc":{"start":{"line":24,"column":2},"end":{"line":24,"column":null}},"type":"if","locations":[{"start":{"line":24,"column":2},"end":{"line":24,"column":null}},{"start":{},"end":{}}],"line":24},"5":{"loc":{"start":{"line":25,"column":2},"end":{"line":25,"column":null}},"type":"if","locations":[{"start":{"line":25,"column":2},"end":{"line":25,"column":null}},{"start":{},"end":{}}],"line":25},"6":{"loc":{"start":{"line":42,"column":8},"end":{"line":43,"column":null}},"type":"binary-expr","locations":[{"start":{"line":42,"column":8},"end":{"line":42,"column":null}},{"start":{"line":43,"column":9},"end":{"line":43,"column":45}},{"start":{"line":43,"column":45},"end":{"line":43,"column":null}}],"line":42},"7":{"loc":{"start":{"line":57,"column":2},"end":{"line":57,"column":null}},"type":"if","locations":[{"start":{"line":57,"column":2},"end":{"line":57,"column":null}},{"start":{},"end":{}}],"line":57},"8":{"loc":{"start":{"line":62,"column":2},"end":{"line":62,"column":null}},"type":"if","locations":[{"start":{"line":62,"column":2},"end":{"line":62,"column":null}},{"start":{},"end":{}}],"line":62},"9":{"loc":{"start":{"line":64,"column":9},"end":{"line":64,"column":null}},"type":"binary-expr","locations":[{"start":{"line":64,"column":9},"end":{"line":64,"column":22}},{"start":{"line":64,"column":22},"end":{"line":64,"column":null}}],"line":64}},"s":{"0":2,"1":160,"2":3,"3":157,"4":157,"5":157,"6":157,"7":0,"8":157,"9":157,"10":157,"11":2,"12":35,"13":2,"14":33,"15":2,"16":31,"17":6,"18":25,"19":15,"20":10,"21":2,"22":0,"23":0,"24":0,"25":0,"26":0,"27":0,"28":2,"29":25,"30":2,"31":79,"32":4,"33":75,"34":2,"35":5,"36":1,"37":4,"38":4},"f":{"0":160,"1":35,"2":0,"3":0,"4":0,"5":0,"6":25,"7":79,"8":5},"b":{"0":[3,157],"1":[0,157],"2":[2,33],"3":[2,31],"4":[6,25],"5":[15,10],"6":[0,0,0],"7":[4,75],"8":[1,4],"9":[4,3]},"meta":{"lastBranch":10,"lastFunction":9,"lastStatement":39,"seen":{"s:3:44:19:Infinity":0,"f:3:44:3:45":0,"b:4:2:6:Infinity:undefined:undefined:undefined:undefined":0,"s:4:2:6:Infinity":1,"s:5:4:5:Infinity":2,"s:8:16:8:Infinity":3,"s:9:2:9:Infinity":4,"s:11:17:11:Infinity":5,"b:12:2:14:Infinity:undefined:undefined:undefined:undefined":1,"s:12:2:14:Infinity":6,"s:13:4:13:Infinity":7,"s:15:2:15:Infinity":8,"s:17:19:17:Infinity":9,"s:18:2:18:Infinity":10,"s:21:37:27:Infinity":11,"f:21:37:21:38":1,"b:22:2:22:Infinity:undefined:undefined:undefined:undefined":2,"s:22:2:22:Infinity":12,"s:22:45:22:Infinity":13,"b:23:2:23:Infinity:undefined:undefined:undefined:undefined":3,"s:23:2:23:Infinity":14,"s:23:31:23:Infinity":15,"b:24:2:24:Infinity:undefined:undefined:undefined:undefined":4,"s:24:2:24:Infinity":16,"s:24:32:24:Infinity":17,"b:25:2:25:Infinity:undefined:undefined:undefined:undefined":5,"s:25:2:25:Infinity":18,"s:25:32:25:Infinity":19,"s:26:2:26:Infinity":20,"s:29:37:46:Infinity":21,"f:29:37:29:38":2,"s:30:2:45:Infinity":22,"f:31:9:31:17":3,"s:32:34:32:Infinity":23,"s:33:23:33:Infinity":24,"s:34:6:38:Infinity":25,"f:41:6:41:Infinity":4,"s:42:8:43:Infinity":26,"b:42:8:42:Infinity:43:9:43:45:43:45:43:Infinity":6,"f:45:10:45:11":5,"s:45:20:45:65":27,"s:48:26:54:Infinity":28,"f:48:26:48:27":6,"s:49:2:53:Infinity":29,"s:56:25:59:Infinity":30,"f:56:25:56:26":7,"b:57:2:57:Infinity:undefined:undefined:undefined:undefined":7,"s:57:2:57:Infinity":31,"s:57:23:57:Infinity":32,"s:58:2:58:Infinity":33,"s:61:30:65:Infinity":34,"f:61:30:61:31":8,"b:62:2:62:Infinity:undefined:undefined:undefined:undefined":8,"s:62:2:62:Infinity":35,"s:62:23:62:Infinity":36,"s:63:15:63:Infinity":37,"s:64:2:64:Infinity":38,"b:64:9:64:22:64:22:64:Infinity":9}}}
,"C:\\Users\\galex_cxlntn4\\CS392\\fridge-tracker\\src\\utils\\recipeUtils.ts": {"path":"C:\\Users\\galex_cxlntn4\\CS392\\fridge-tracker\\src\\utils\\recipeUtils.ts","statementMap":{"0":{"start":{"line":3,"column":35},"end":{"line":26,"column":null}},"1":{"start":{"line":4,"column":31},"end":{"line":4,"column":null}},"2":{"start":{"line":4,"column":49},"end":{"line":4,"column":72}},"3":{"start":{"line":6,"column":2},"end":{"line":25,"column":null}},"4":{"start":{"line":8,"column":33},"end":{"line":13,"column":null}},"5":{"start":{"line":9,"column":8},"end":{"line":12,"column":null}},"6":{"start":{"line":10,"column":10},"end":{"line":11,"column":null}},"7":{"start":{"line":15,"column":30},"end":{"line":15,"column":null}},"8":{"start":{"line":17,"column":6},"end":{"line":21,"column":null}},"9":{"start":{"line":23,"column":22},"end":{"line":23,"column":51}},"10":{"start":{"line":24,"column":20},"end":{"line":24,"column":57}},"11":{"start":{"line":25,"column":19},"end":{"line":25,"column":32}},"12":{"start":{"line":29,"column":42},"end":{"line":53,"column":null}},"13":{"start":{"line":30,"column":31},"end":{"line":30,"column":null}},"14":{"start":{"line":30,"column":49},"end":{"line":30,"column":72}},"15":{"start":{"line":32,"column":18},"end":{"line":50,"column":null}},"16":{"start":{"line":34,"column":33},"end":{"line":39,"column":null}},"17":{"start":{"line":35,"column":8},"end":{"line":38,"column":null}},"18":{"start":{"line":36,"column":10},"end":{"line":37,"column":null}},"19":{"start":{"line":41,"column":30},"end":{"line":41,"column":null}},"20":{"start":{"line":43,"column":6},"end":{"line":47,"column":null}},"21":{"start":{"line":49,"column":22},"end":{"line":49,"column":45}},"22":{"start":{"line":50,"column":20},"end":{"line":50,"column":92}},"23":{"start":{"line":52,"column":2},"end":{"line":52,"column":null}},"24":{"start":{"line":52,"column":38},"end":{"line":52,"column":46}},"25":{"start":{"line":55,"column":30},"end":{"line":113,"column":null}},"26":{"start":{"line":56,"column":2},"end":{"line":112,"column":null}}},"fnMap":{"0":{"name":"(anonymous_0)","decl":{"start":{"line":3,"column":35},"end":{"line":3,"column":36}},"loc":{"start":{"line":3,"column":89},"end":{"line":26,"column":null}},"line":3},"1":{"name":"(anonymous_1)","decl":{"start":{"line":4,"column":41},"end":{"line":4,"column":49}},"loc":{"start":{"line":4,"column":49},"end":{"line":4,"column":72}},"line":4},"2":{"name":"(anonymous_2)","decl":{"start":{"line":7,"column":9},"end":{"line":7,"column":19}},"loc":{"start":{"line":7,"column":19},"end":{"line":22,"column":5}},"line":7},"3":{"name":"(anonymous_3)","decl":{"start":{"line":8,"column":59},"end":{"line":8,"column":null}},"loc":{"start":{"line":9,"column":8},"end":{"line":12,"column":null}},"line":9},"4":{"name":"(anonymous_4)","decl":{"start":{"line":9,"column":34},"end":{"line":9,"column":null}},"loc":{"start":{"line":10,"column":10},"end":{"line":11,"column":null}},"line":10},"5":{"name":"(anonymous_5)","decl":{"start":{"line":23,"column":12},"end":{"line":23,"column":22}},"loc":{"start":{"line":23,"column":22},"end":{"line":23,"column":51}},"line":23},"6":{"name":"(anonymous_6)","decl":{"start":{"line":24,"column":10},"end":{"line":24,"column":11}},"loc":{"start":{"line":24,"column":20},"end":{"line":24,"column":57}},"line":24},"7":{"name":"(anonymous_7)","decl":{"start":{"line":25,"column":9},"end":{"line":25,"column":19}},"loc":{"start":{"line":25,"column":19},"end":{"line":25,"column":32}},"line":25},"8":{"name":"(anonymous_8)","decl":{"start":{"line":29,"column":42},"end":{"line":29,"column":43}},"loc":{"start":{"line":29,"column":96},"end":{"line":53,"column":null}},"line":29},"9":{"name":"(anonymous_9)","decl":{"start":{"line":30,"column":41},"end":{"line":30,"column":49}},"loc":{"start":{"line":30,"column":49},"end":{"line":30,"column":72}},"line":30},"10":{"name":"(anonymous_10)","decl":{"start":{"line":33,"column":9},"end":{"line":33,"column":19}},"loc":{"start":{"line":33,"column":19},"end":{"line":48,"column":5}},"line":33},"11":{"name":"(anonymous_11)","decl":{"start":{"line":34,"column":59},"end":{"line":34,"column":null}},"loc":{"start":{"line":35,"column":8},"end":{"line":38,"column":null}},"line":35},"12":{"name":"(anonymous_12)","decl":{"start":{"line":35,"column":34},"end":{"line":35,"column":null}},"loc":{"start":{"line":36,"column":10},"end":{"line":37,"column":null}},"line":36},"13":{"name":"(anonymous_13)","decl":{"start":{"line":49,"column":12},"end":{"line":49,"column":22}},"loc":{"start":{"line":49,"column":22},"end":{"line":49,"column":45}},"line":49},"14":{"name":"(anonymous_14)","decl":{"start":{"line":50,"column":10},"end":{"line":50,"column":11}},"loc":{"start":{"line":50,"column":20},"end":{"line":50,"column":92}},"line":50},"15":{"name":"(anonymous_15)","decl":{"start":{"line":52,"column":33},"end":{"line":52,"column":38}},"loc":{"start":{"line":52,"column":38},"end":{"line":52,"column":46}},"line":52},"16":{"name":"(anonymous_16)","decl":{"start":{"line":55,"column":30},"end":{"line":55,"column":46}},"loc":{"start":{"line":55,"column":46},"end":{"line":113,"column":null}},"line":55}},"branchMap":{"0":{"loc":{"start":{"line":10,"column":10},"end":{"line":11,"column":null}},"type":"binary-expr","locations":[{"start":{"line":10,"column":10},"end":{"line":10,"column":null}},{"start":{"line":11,"column":10},"end":{"line":11,"column":null}}],"line":10},"1":{"loc":{"start":{"line":36,"column":10},"end":{"line":37,"column":null}},"type":"binary-expr","locations":[{"start":{"line":36,"column":10},"end":{"line":36,"column":null}},{"start":{"line":37,"column":10},"end":{"line":37,"column":null}}],"line":36},"2":{"loc":{"start":{"line":50,"column":20},"end":{"line":50,"column":92}},"type":"binary-expr","locations":[{"start":{"line":50,"column":20},"end":{"line":50,"column":61}},{"start":{"line":50,"column":61},"end":{"line":50,"column":92}}],"line":50}},"s":{"0":1,"1":6,"2":15,"3":6,"4":15,"5":45,"6":84,"7":15,"8":15,"9":15,"10":4,"11":8,"12":1,"13":0,"14":0,"15":0,"16":0,"17":0,"18":0,"19":0,"20":0,"21":0,"22":0,"23":0,"24":0,"25":1,"26":0},"f":{"0":6,"1":15,"2":15,"3":45,"4":84,"5":15,"6":4,"7":8,"8":0,"9":0,"10":0,"11":0,"12":0,"13":0,"14":0,"15":0,"16":0},"b":{"0":[84,64],"1":[0,0],"2":[0,0]},"meta":{"lastBranch":3,"lastFunction":17,"lastStatement":27,"seen":{"s:3:35:26:Infinity":0,"f:3:35:3:36":0,"s:4:31:4:Infinity":1,"f:4:41:4:49":1,"s:4:49:4:72":2,"s:6:2:25:Infinity":3,"f:7:9:7:19":2,"s:8:33:13:Infinity":4,"f:8:59:8:Infinity":3,"s:9:8:12:Infinity":5,"f:9:34:9:Infinity":4,"s:10:10:11:Infinity":6,"b:10:10:10:Infinity:11:10:11:Infinity":0,"s:15:30:15:Infinity":7,"s:17:6:21:Infinity":8,"f:23:12:23:22":5,"s:23:22:23:51":9,"f:24:10:24:11":6,"s:24:20:24:57":10,"f:25:9:25:19":7,"s:25:19:25:32":11,"s:29:42:53:Infinity":12,"f:29:42:29:43":8,"s:30:31:30:Infinity":13,"f:30:41:30:49":9,"s:30:49:30:72":14,"s:32:18:50:Infinity":15,"f:33:9:33:19":10,"s:34:33:39:Infinity":16,"f:34:59:34:Infinity":11,"s:35:8:38:Infinity":17,"f:35:34:35:Infinity":12,"s:36:10:37:Infinity":18,"b:36:10:36:Infinity:37:10:37:Infinity":1,"s:41:30:41:Infinity":19,"s:43:6:47:Infinity":20,"f:49:12:49:22":13,"s:49:22:49:45":21,"f:50:10:50:11":14,"s:50:20:50:92":22,"b:50:20:50:61:50:61:50:92":2,"s:52:2:52:Infinity":23,"f:52:33:52:38":15,"s:52:38:52:46":24,"s:55:30:113:Infinity":25,"f:55:30:55:46":16,"s:56:2:112:Infinity":26}}}
}
